2016-9-5 21h53m40s:Controller.cpp: ------- NEW CONTROLLER STARTED (pid 5388) ------
2016-9-5 21h53m40s:Controller.cpp: new client: 10600
2016-9-5 21h53m40s:CClient.cpp: Creating new client ID: 3356
2016-9-5 21h53m40s:CClient.cpp: clientThread started with port:876
2016-9-5 21h53m40s:Controller.cpp: API function call : COMMAND RT-Lab Global Open
2016-9-5 21h53m40s:CClient.cpp: Client connected: name "jiang", computer "LAPTOP-5FBKHMJV", ip "127.0.0.1", pid 6944
2016-9-5 21h53m40s:WinUtils.cpp: Could not get the subsystem list. Verify that the model has been compiled.
2016-9-5 21h53m40s:CtrlException.cpp: CtrlException, code 3, msg Could not get the subsystem list. Verify that the model has been compiled.
2016-9-5 21h53m40s:Controller.cpp: API function call : Get model list changes
2016-9-5 21h53m40s:Controller.cpp: API function call : COMMAND Project ApiSync
2016-9-5 21h53m40s:Controller.cpp: API function call : GET_CHILDREN Sub-System List
2016-9-5 21h53m40s:Controller.cpp: API function call : SET ATTRIBUTES
2016-9-5 21h53m40s:Controller.cpp: API function call : GetSystemControl (true)
2016-9-5 21h53m40s:Controller.cpp: API function call : GetSystemControl (false)
2016-9-5 21h53m40s:Controller.cpp: API function call : GetParamControl (true)
2016-9-5 21h53m40s:Controller.cpp: API function call : GetParamControl (false)
2016-9-5 21h53m40s:Controller.cpp: API function call : Take control of configurations, prio 127
2016-9-5 21h53m40s:Controller.cpp: API function call : SET ATTRIBUTES
2016-9-5 21h53m40s:Controller.cpp: API function call : Release control of configurations
2016-9-5 21h53m40s:Controller.cpp: API function call : Release control of the system
2016-9-5 21h53m40s:Controller.cpp: API function call : SET ATTRIBUTES
2016-9-5 21h53m40s:Controller.cpp: new client: 10600
2016-9-5 21h53m40s:CClient.cpp: Creating new client ID: 5640
2016-9-5 21h53m40s:CClient.cpp: clientThread started with port:1144
2016-9-5 21h53m40s:Controller.cpp: API function call : COMMAND RT-Lab Global Open
2016-9-5 21h53m40s:CClient.cpp: Client connected: name "jiang", computer "LAPTOP-5FBKHMJV", ip "127.0.0.1", pid 6944
2016-9-5 21h53m40s:Controller.cpp: API function call : Get model list changes
2016-9-5 21h53m40s:Controller.cpp: API function call : COMMAND Project ApiSync
2016-9-5 21h53m40s:Controller.cpp: API function call : GET_CHILDREN Sub-System List
2016-9-5 21h53m40s:Controller.cpp: API function call : SET ATTRIBUTES
2016-9-5 21h53m40s:Controller.cpp: API function call : NotificationConnect
2016-9-5 21h53m40s:Controller.cpp: pClient->notifCommSock = 1196
2016-9-5 21h53m40s:Controller.cpp: API function call : SetEventInterest
2016-9-5 21h53m40s:Controller.cpp: API function call : GET_CHILDREN Project
2016-9-5 21h53m40s:Controller.cpp: API function call : GET_CHILDREN Model List
2016-9-5 21h53m40s:Controller.cpp: API function call : NotificationConnect
2016-9-5 21h53m40s:Controller.cpp: pClient->notifCommSock = 952
2016-9-5 21h53m40s:Controller.cpp: API function call : SetEventInterest
2016-9-5 21h53m41s:Controller.cpp: API function call : GET_CHILDREN Environment Variable List
2016-9-5 21h53m41s:Controller.cpp: API function call : COMMAND Selection Remove
2016-9-5 21h53m41s:Controller.cpp: API function call : COMMAND Selection Add
2016-9-5 21h53m41s:Controller.cpp: API function call : GET_CHILDREN Missing Model List
2016-9-5 21h53m41s:Controller.cpp: API function call : SET ATTRIBUTES
2016-9-5 21h53m41s:Controller.cpp: API function call : COMMAND Selection Remove
2016-9-5 21h53m41s:Controller.cpp: API function call : COMMAND Selection Add
2016-9-5 21h53m41s:Controller.cpp: API function call : RegisterDisplay
2016-9-5 21h53m41s:Controller.cpp: new client: 10600
2016-9-5 21h53m41s:CClient.cpp: Creating new client ID: 22344
2016-9-5 21h53m41s:CClient.cpp: clientThread started with port:1204
2016-9-5 21h53m41s:Controller.cpp: API function call : COMMAND RT-Lab Global Open
2016-9-5 21h53m41s:CClient.cpp: Client connected: name "jiang", computer "LAPTOP-5FBKHMJV", ip "127.0.0.1", pid 6944
2016-9-5 21h53m41s:Controller.cpp: API function call : Get model list changes
2016-9-5 21h53m41s:Controller.cpp: API function call : COMMAND Project ApiSync
2016-9-5 21h53m41s:Controller.cpp: API function call : GET_CHILDREN Sub-System List
2016-9-5 21h53m41s:Controller.cpp: API function call : SET ATTRIBUTES
2016-9-5 22h12m41s:Controller.cpp: new client: 10600
2016-9-5 22h12m41s:CClient.cpp: Creating new client ID: 8708
2016-9-5 22h12m41s:CClient.cpp: clientThread started with port:1252
2016-9-5 22h12m41s:Controller.cpp: API function call : COMMAND RT-Lab Global Open
2016-9-5 22h12m41s:CClient.cpp: Client connected: name "jiang", computer "LAPTOP-5FBKHMJV", ip "127.0.0.1", pid 6944
2016-9-5 22h12m41s:Controller.cpp: API function call : Get model list changes
2016-9-5 22h12m41s:Controller.cpp: API function call : COMMAND Project ApiSync
2016-9-5 22h12m41s:Controller.cpp: API function call : GET_CHILDREN Sub-System List
2016-9-5 22h12m41s:Controller.cpp: API function call : SET ATTRIBUTES
2016-9-5 22h12m41s:Controller.cpp: API function call : COMMAND Selection Remove
2016-9-5 22h12m41s:Controller.cpp: API function call : COMMAND Selection Add
2016-9-5 22h12m41s:Controller.cpp: API function call : GET_CHILDREN Model
2016-9-5 22h12m41s:Controller.cpp: API function call : GET_CHILDREN Model Variable List
2016-9-5 22h12m41s:Controller.cpp: API function call : GET_CHILDREN Sub-System List
2016-9-5 22h13m26s:Controller.cpp: new client: 10600
2016-9-5 22h13m26s:CClient.cpp: Creating new client ID: 22340
2016-9-5 22h13m26s:CClient.cpp: clientThread started with port:1272
2016-9-5 22h13m26s:Controller.cpp: API function call : COMMAND RT-Lab Global Open
2016-9-5 22h13m26s:CClient.cpp: Client connected: name "jiang", computer "LAPTOP-5FBKHMJV", ip "127.0.0.1", pid 6944
2016-9-5 22h13m26s:Controller.cpp: API function call : Get model list changes
2016-9-5 22h13m26s:Controller.cpp: API function call : COMMAND Project ApiSync
2016-9-5 22h13m26s:Controller.cpp: API function call : GET_CHILDREN Sub-System List
2016-9-5 22h13m26s:Controller.cpp: API function call : SET ATTRIBUTES
2016-9-5 22h13m26s:Controller.cpp: API function call : COMMAND Selection Remove
2016-9-5 22h13m26s:Controller.cpp: API function call : COMMAND Selection Add
2016-9-5 22h13m26s:Controller.cpp: API function call : COMMAND Matlab Handler Load
2016-9-5 22h13m26s:Service Matlab/CommandsProcessor found
2016-9-5 22h13m26s:MatlabHandler - createConnection: create connection has been successful with Matlab version = 8.4
2016-9-5 22h13m26s:MatlabHandler - getConflictFlag: The model version is older than Matlab's (Model[UnknownMatlabVersion]<->Matlab[v8.4])
2016-9-5 22h13m49s:Controller.cpp: API function call : COMMAND Selection Remove
2016-9-5 22h13m49s:Controller.cpp: API function call : COMMAND Selection Add
2016-9-5 22h13m49s:Controller.cpp: API function call : RegisterDisplay
2016-9-5 22h13m49s:Controller.cpp: API function call : Compile (my_pv_system.mdl   C:\Users\jiang\OPAL-RT\RT-LABv11_Workspace\pv_inverter\models\my_pv_system)
2016-9-5 22h13m49s:Controller.cpp: NOTIFICATION MSG IS: MODEL_COMPILING
2016-9-5 22h13m49s:Compile.cpp: compileThread launched with id = 13088
2016-9-5 22h13m49s:Controller.cpp: NOTIFICATION MSG IS: Preparing model
2016-9-5 22h13m49s:Controller.cpp: NOTIFICATION MSG IS: Model separation
2016-9-5 22h13m57s:MatlabHandler - createConnection: create connection has been successful with Matlab version = 8.4
2016-9-5 22h14m45s:CModel.cpp: Subsystem binary not found: C:\Users\jiang\OPAL-RT\RT-LABv11_Workspace\pv_inverter\models\my_pv_system\my_pv_system_SM_master\OpREDHAWKtarget\my_pv_system_1_sm_master
2016-9-5 22h14m45s:CModel.cpp: Subsystem binary not found: C:\Users\jiang\OPAL-RT\RT-LABv11_Workspace\pv_inverter\models\my_pv_system\my_pv_system_SM_master\OpREDHAWKtarget\my_pv_system_1_sm_master
2016-9-5 22h14m45s:CModel.cpp: Subsystem binary not found: C:\Users\jiang\OPAL-RT\RT-LABv11_Workspace\pv_inverter\models\my_pv_system\my_pv_system_SS_calculation\OpREDHAWKtarget\my_pv_system_3_ss_calculation
2016-9-5 22h14m45s:CModel.cpp: Subsystem binary not found: C:\Users\jiang\OPAL-RT\RT-LABv11_Workspace\pv_inverter\models\my_pv_system\my_pv_system_SM_master\OpREDHAWKtarget\my_pv_system_1_sm_master
2016-9-5 22h14m45s:CModel.cpp: Subsystem binary not found: C:\Users\jiang\OPAL-RT\RT-LABv11_Workspace\pv_inverter\models\my_pv_system\my_pv_system_SS_calculation\OpREDHAWKtarget\my_pv_system_3_ss_calculation
2016-9-5 22h14m45s:CModel.cpp: Subsystem binary not found: C:\Users\jiang\OPAL-RT\RT-LABv11_Workspace\pv_inverter\models\my_pv_system\my_pv_system_SS_controller\OpREDHAWKtarget\my_pv_system_4_ss_controller
2016-9-5 22h14m45s:CModel.cpp: Subsystem binary not found: C:\Users\jiang\OPAL-RT\RT-LABv11_Workspace\pv_inverter\models\my_pv_system\my_pv_system_SM_master\OpREDHAWKtarget\my_pv_system_1_sm_master
2016-9-5 22h14m45s:CModel.cpp: Subsystem binary not found: C:\Users\jiang\OPAL-RT\RT-LABv11_Workspace\pv_inverter\models\my_pv_system\my_pv_system_SS_calculation\OpREDHAWKtarget\my_pv_system_3_ss_calculation
2016-9-5 22h14m45s:CModel.cpp: Subsystem binary not found: C:\Users\jiang\OPAL-RT\RT-LABv11_Workspace\pv_inverter\models\my_pv_system\my_pv_system_SS_controller\OpREDHAWKtarget\my_pv_system_4_ss_controller
2016-9-5 22h14m45s:CIniFileCache.cpp: CIniFileCache.Load():: Empty line (#1) before EOF has been reached
2016-9-5 22h14m45s:CIniFileCache.cpp: Saving my_pv_system.md0 because error was detected
2016-9-5 22h14m45s:Controller.cpp: NOTIFICATION MSG IS: Code generation
2016-9-5 22h14m45s:CIniFileCache.cpp: CIniFileCache.Load():: Empty line (#8) before EOF has been reached
2016-9-5 22h14m45s:CIniFileCache.cpp: CIniFileCache.Load():: Empty line (#10) before EOF has been reached
2016-9-5 22h14m45s:CIniFileCache.cpp: CIniFileCache.Load(): Will have to be save because of an invalid line.
2016-9-5 22h14m45s:CIniFileCache.cpp: CIniFileCache.Load():: Empty line (#14) before EOF has been reached
2016-9-5 22h14m45s:CIniFileCache.cpp: CIniFileCache.Load(): Will have to be save because of an invalid line.
2016-9-5 22h14m45s:CIniFileCache.cpp: Saving my_pv_system_1_sm_master.sfp because error was detected
2016-9-5 22h14m45s:Controller.cpp: NOTIFICATION MSG IS: Code generation: my_pv_system_1_sm_master
2016-9-5 22h14m45s:moveFile error: The system cannot find the path specified.

2016-9-5 22h14m45s:moveFile error: The system cannot find the path specified.

2016-9-5 22h15m2s:CIniFileCache.cpp: CIniFileCache.Load():: Empty line (#6) before EOF has been reached
2016-9-5 22h15m2s:CIniFileCache.cpp: CIniFileCache.Load():: Empty line (#16) before EOF has been reached
2016-9-5 22h15m2s:CIniFileCache.cpp: CIniFileCache.Load():: Empty line (#20) before EOF has been reached
2016-9-5 22h15m2s:CIniFileCache.cpp: Saving my_pv_system_3_ss_calculation.sfp because error was detected
2016-9-5 22h15m2s:Controller.cpp: NOTIFICATION MSG IS: Code generation: my_pv_system_3_ss_calculation
2016-9-5 22h15m2s:moveFile error: The system cannot find the path specified.

2016-9-5 22h15m2s:moveFile error: The system cannot find the path specified.

2016-9-5 22h15m7s:CIniFileCache.cpp: CIniFileCache.Load():: Empty line (#6) before EOF has been reached
2016-9-5 22h15m7s:CIniFileCache.cpp: CIniFileCache.Load():: Empty line (#12) before EOF has been reached
2016-9-5 22h15m7s:CIniFileCache.cpp: CIniFileCache.Load():: Empty line (#16) before EOF has been reached
2016-9-5 22h15m7s:CIniFileCache.cpp: Saving my_pv_system_4_ss_controller.sfp because error was detected
2016-9-5 22h15m7s:Controller.cpp: NOTIFICATION MSG IS: Code generation: my_pv_system_4_ss_controller
2016-9-5 22h15m8s:moveFile error: The system cannot find the path specified.

2016-9-5 22h15m8s:moveFile error: The system cannot find the path specified.

2016-9-5 22h15m20s:Controller.cpp: NOTIFICATION MSG IS: Parameters database
2016-9-5 22h15m20s:Controller.cpp: NOTIFICATION MSG IS: Signals database
2016-9-5 22h15m20s:CIniFileCache.cpp: CIniFileCache.Load():: Empty line (#75) before EOF has been reached
2016-9-5 22h15m20s:CIniFileCache.cpp: CIniFileCache.Load():: Empty line (#118) before EOF has been reached
2016-9-5 22h15m20s:CIniFileCache.cpp: CIniFileCache.Load():: Empty line (#123) before EOF has been reached
2016-9-5 22h15m20s:CIniFileCache.cpp: CIniFileCache.Load():: Empty line (#141) before EOF has been reached
2016-9-5 22h15m20s:CIniFileCache.cpp: CIniFileCache.Load():: Empty line (#161) before EOF has been reached
2016-9-5 22h15m20s:CIniFileCache.cpp: CIniFileCache.Load():: Empty line (#162) before EOF has been reached
2016-9-5 22h15m20s:CIniFileCache.cpp: Saving my_pv_system_1_sm_master.map because error was detected
2016-9-5 22h15m20s:CIniFileCache.cpp: CIniFileCache.Load():: Empty line (#46) before EOF has been reached
2016-9-5 22h15m20s:CIniFileCache.cpp: CIniFileCache.Load():: Empty line (#82) before EOF has been reached
2016-9-5 22h15m20s:CIniFileCache.cpp: CIniFileCache.Load():: Empty line (#87) before EOF has been reached
2016-9-5 22h15m20s:CIniFileCache.cpp: CIniFileCache.Load():: Empty line (#104) before EOF has been reached
2016-9-5 22h15m20s:CIniFileCache.cpp: CIniFileCache.Load():: Empty line (#121) before EOF has been reached
2016-9-5 22h15m20s:CIniFileCache.cpp: CIniFileCache.Load():: Empty line (#122) before EOF has been reached
2016-9-5 22h15m20s:CIniFileCache.cpp: Saving my_pv_system_3_ss_calculation.map because error was detected
2016-9-5 22h15m20s:CIniFileCache.cpp: CIniFileCache.Load():: Empty line (#229) before EOF has been reached
2016-9-5 22h15m20s:CIniFileCache.cpp: CIniFileCache.Load():: Empty line (#502) before EOF has been reached
2016-9-5 22h15m20s:CIniFileCache.cpp: CIniFileCache.Load():: Empty line (#507) before EOF has been reached
2016-9-5 22h15m20s:CIniFileCache.cpp: CIniFileCache.Load():: Empty line (#571) before EOF has been reached
2016-9-5 22h15m20s:CIniFileCache.cpp: CIniFileCache.Load():: Empty line (#588) before EOF has been reached
2016-9-5 22h15m20s:CIniFileCache.cpp: CIniFileCache.Load():: Empty line (#589) before EOF has been reached
2016-9-5 22h15m20s:CIniFileCache.cpp: Saving my_pv_system_4_ss_controller.map because error was detected
2016-9-5 22h15m20s:CIniFileCache.cpp: CIniFileCache.Load():: Empty line (#1) before EOF has been reached
2016-9-5 22h15m20s:CIniFileCache.cpp: Saving my_pv_system.probe because error was detected
2016-9-5 22h15m20s:CIniFileCache.cpp: CIniFileCache.Load():: Empty line (#13) before EOF has been reached
2016-9-5 22h15m20s:CIniFileCache.cpp: CIniFileCache.Load():: Empty line (#18) before EOF has been reached
2016-9-5 22h15m20s:CIniFileCache.cpp: Saving my_pv_system.sig because error was detected
2016-9-5 22h15m21s:MatlabCOM::initializeClassCOM: CoInitialize function failed with code 262
2016-9-5 22h15m45s:CTargetConnectionOpalD.cpp: Error: IsTargetAlive failed in pinging 192.168.1.10
2016-9-5 22h15m45s:WinUtils.cpp: Target node 192.168.1.10 is not responding. 
Verify that the node is up and is connected to network.
2016-9-5 22h15m45s:CtrlException.cpp: CtrlException, code 28703, msg Target node 192.168.1.10 is not responding. 
Verify that the node is up and is connected to network.
2016-9-5 22h15m45s:Controller.cpp: NOTIFICATION MSG IS: MODEL_NOT_LOADABLE
2016-9-5 22h15m45s:CtrlException.cpp: CtrlException, code 28703, msg Target node 192.168.1.10 is not responding. 
Verify that the node is up and is connected to network.
2016-9-5 22h15m45s:Compile.cpp: Compilation Thread closed.
2016-9-5 22h15m45s:Controller.cpp: new client: 10600
2016-9-5 22h15m45s:CClient.cpp: Creating new client ID: 19680
2016-9-5 22h15m45s:CClient.cpp: clientThread started with port:1532
2016-9-5 22h15m45s:Controller.cpp: API function call : COMMAND RT-Lab Global Open
2016-9-5 22h15m45s:CClient.cpp: Client connected: name "jiang", computer "LAPTOP-5FBKHMJV", ip "127.0.0.1", pid 6944
2016-9-5 22h15m45s:Controller.cpp: API function call : Get model list changes
2016-9-5 22h15m45s:Controller.cpp: API function call : RegisterDisplay
2016-9-5 22h15m45s:Controller.cpp: API function call : COMMAND Project ApiSync
2016-9-5 22h15m45s:Controller.cpp: API function call : GET_CHILDREN Sub-System List
2016-9-5 22h15m45s:Controller.cpp: API function call : SET ATTRIBUTES
2016-9-5 22h15m45s:Controller.cpp: API function call : COMMAND Selection Remove
2016-9-5 22h15m45s:Controller.cpp: API function call : COMMAND Selection Add
2016-9-5 22h15m45s:Controller.cpp: API function call : COMMAND Selection Remove
2016-9-5 22h15m45s:Controller.cpp: API function call : COMMAND Selection Add
2016-9-5 22h15m45s:Controller.cpp: API function call : GET_CHILDREN Model
2016-9-5 22h15m45s:Controller.cpp: API function call : GET_CHILDREN Model Variable List
2016-9-5 22h15m45s:Controller.cpp: API function call : GET_CHILDREN Sub-System List
