
--------------- Transferring files ... ------------------------------

Transferring in binary: C:\Users\jiang\OPAL-RT\RT-LABv11_Workspace\pv_inverter\models\boost_and_two_level_bridge_rtlab\boost_and_two_level_bridge_rtlab_SM_eHS\OpREDHAWKtarget\boost_and_two_level__1_sm_ehs (SM_eHS) ... OK.
Transferring in binary: C:\Users\jiang\OPAL-RT\RT-LABv11_Workspace\pv_inverter\models\boost_and_two_level_bridge_rtlab\MMPK7_1-EX-0001-2_3_2_19-300Series_eHSgen3_with_IOs-303-03.bin (SM_eHS) ... OK.
Transferring in binary: C:\Users\jiang\OPAL-RT\RT-LABv11_Workspace\pv_inverter\models\boost_and_two_level_bridge_rtlab\eHS_Config\ehs_config_eHSx64v3_SID4894.mat (SM_eHS) ... OK.
Transferring in binary: C:\Users\jiang\OPAL-RT\RT-LABv11_Workspace\pv_inverter\models\boost_and_two_level_bridge_rtlab\boost_and_two_level_bridge_rtlab_SM_eHS\OpREDHAWKtarget\Opal*Creator.data (SM_eHS) ... OK.

--------------- Done transferring files -----------------------------


Executing script /usr/opalrt/v11.0.8.13/common/python/rtlab/global/target_preload.py ... done
Executing script /usr/opalrt/v11.0.8.13/common/python/rtlab/global/target_subsys_preload.py ... done

Flashing FPGA #0 bitstream. This can take some time. Do not reset your target until flash_update completes.


Flashing FPGA #0 bitstream : '/home/laptop-5fbkhmjv/users/jiang/opal-rt/rt-labv11_workspace/pv_inverter/models/boost_and_two_level_bridge_rtlab/boost_and_two_level_bridge_rtlab_sm_ehs/MMPK7_1-EX-0001-2_3_2_19-300Series_eHSgen3_with_IOs-303-03.bin' ...
===================================================================
OPAL-RT FLASH UPDATE PROGRAM V2.4
OPAL-RT TECHNOLOGIES INC.
All rights reserved, Copyright 2015.
Compiled on Aug 16 2016

Testing the validity of the file /home/laptop-5fbkhmjv/users/jiang/opal-rt/rt-labv11_workspace/pv_inverter/models/boost_and_two_level_bridge_rtlab/boost_and_two_level_bridge_rtlab_sm_ehs/MMPK7_1-EX-0001-2_3_2_19-300Series_eHSgen3_with_IOs-303-03.bin

Product ID : 4500 
Sub-Product ID : 1 
Implementation Type : EX 
XSG Version : 2_3_2_19 
Description : 300Series_eHSgen3_with_IOs 
Product Minor ID : 303 
Revision : 03. 

PCIe detection of MMPK7 cards:
          
MMPK7 board found (VendorID=0x1b2c, DeviceID=0x7325)
          PCI Index:	0
          IRQ Number:	11
          Chassis ID:	0
          Card type:	MMPK7325_1A
          Bus type:	EX  
          Minor ID:	0303
          Revision ID:	0003
          PCIe gen:	2 (x4)
          
MMPK7 boards search done.


Board found with board index 0
          Card type:	OP7325_1A
          Bus type:	EX
          Minor ID:	0303
          Revision ID:	0003

Card is already programmed with same bitstream revision. 
Use -force option to force reprogramming of the card.
Reading config space of PCIe Device: 1b2c 7325 0
Sending Reload from User Flash command
Board is reloading. This will take about 2s. Please wait ... 
Restoring config space of PCIe Device: 1b2c 7325 0
Reload from User flash completed.
Error 12. Exiting

WARNING: Flash programming was skipped because the same bitstream was already programmed in the FPGA.
Note that you can set the User Variable FPGA_BITSTREAM_FORCE_OPTION to ON for forcing the reprogramming of the board.
 
[      0.001 ]           Begin to register on OpalRoot
[      0.002 ]           Registered on OpalRoot
[      0.003 ]           Loading services from "/usr/opalrt/v11.0.8.13/common/bin/Services"
[      0.013 ]             Plugin "Web": services informations retrieved
[      0.025 ]             Plugin "DVP": services informations retrieved
[      0.037 ]             Plugin "RFM": services informations retrieved
[      0.050 ]             Plugin "sFlashUpdate": services informations retrieved
[      0.066 ]             Plugin "DataAcquisition": services informations retrieved
[      0.079 ]             Plugin "SimulationSetup": services informations retrieved
[      0.105 ]             Plugin "HEI": services informations retrieved
[      0.119 ]             Plugin "MODBUS": services informations retrieved
[      0.130 ]             Plugin "DriverIdentification": services informations retrieved
[      0.153 ]             Plugin "IRTS": services informations retrieved
[      0.162 ]             Plugin "WatchDogClient": services informations retrieved
[      0.172 ]             Plugin "Pickering-41-752": services informations retrieved
[      0.185 ]             Plugin "IEC104": services informations retrieved
[      0.198 ]             Plugin "Parameters": services informations retrieved
[      0.208 ]             Plugin "LogRT": services informations retrieved
[      0.222 ]             Plugin "ARINC": services informations retrieved
[      0.232 ]             Plugin "WatchDogServer": services informations retrieved
[      0.242 ]             Plugin "Dummy": services informations retrieved
[      0.243 ]           Service DataAcquisition/DataAcquisition found
[      0.243 ]           WatchDogServer service - server socket created, available on address: 192.168.5.113:60004
[      0.243 ]           Root initialized: 192.168.5.113:25254/resources/root
[      0.243 ]           Initialization done
[      0.323 ]           OpalRtMain.c        : Calculated cpu speed = 3300 MHz
[      0.323 ]           OpalRtMain.c        : Model 'boost_and_two_level__1_sm_ehs' compiled in RELEASE mode.
[      0.323 ]           OpalRtMain.c        : 4 CPUs active on this Computer
[      0.323 ]           OpalRtMain.c        : libOpalR2014B.a : v11.0.8.13 (build = undefined)
[      0.365 ]           OpalRtMain.c        : 
[      0.365 ]           OpalRtMain.c        : ------- License info dump START -------
[      0.365 ]           OpalRtMain.c        : ##For support, do not hesitate to contact OPAL-RT Technologies through 
[      0.365 ]           OpalRtMain.c        : ##our web site support section : http://opal-rt.com/support/support-request
[      0.365 ]           OpalRtMain.c        : ##Company Name: University New South Wales
[      0.365 ]           OpalRtMain.c        : ##Name: Georgios Konstantinou 
[      0.365 ]           OpalRtMain.c        : ##Email: g.konstantinou@unsw.edu.au
[      0.365 ]           OpalRtMain.c        : ##Country: Australia
[      0.365 ]           OpalRtMain.c        : ##Serial Number: PF914-241
[      0.365 ]           OpalRtMain.c        : ##Target Number: PF914-241S08
[      0.365 ]           OpalRtMain.c        : ##Created by: CG
[      0.365 ]           OpalRtMain.c        : ##RT3: 288002
[      0.365 ]           OpalRtMain.c        : EXPIRATION=INFINITE
[      0.365 ]           OpalRtMain.c        : END_OF_SUPPORT=27/12/2018
[      0.365 ]           OpalRtMain.c        : TARGET_NUMBER=PF914-241-S08
[      0.365 ]           OpalRtMain.c        : LICENSE_NUMBER=201600453
[      0.365 ]           OpalRtMain.c        : RTLAB_NRT.value=true
[      0.365 ]           OpalRtMain.c        : RTLAB_NRT.version=11.0
[      0.365 ]           OpalRtMain.c        : RTLAB_NRT.description=Allows to execute a model in non real-time mode
[      0.365 ]           OpalRtMain.c        : RTLAB_RT.value=true
[      0.365 ]           OpalRtMain.c        : RTLAB_RT.version=11.0
[      0.365 ]           OpalRtMain.c        : RTLAB_RT.description=Allows to execute a model in real-time mode with RT-LAB.
[      0.365 ]           OpalRtMain.c        : RTLAB_NUM_CORES.value=2
[      0.365 ]           OpalRtMain.c        : RTLAB_NUM_CORES.version=11.0
[      0.365 ]           OpalRtMain.c        : RTLAB_NUM_CORES.description=Number of activated core to execute a model in real-time.
[      0.365 ]           OpalRtMain.c        : RTLAB_XHP.value=true
[      0.365 ]           OpalRtMain.c        : RTLAB_XHP.version=11.0
[      0.365 ]           OpalRtMain.c        : RTLAB_XHP.description=Enables the XHP mode within RT-LAB.
[      0.365 ]           OpalRtMain.c        : ARTEMIS_RTE.value=true
[      0.365 ]           OpalRtMain.c        : ARTEMIS_RTE.version=7.0
[      0.365 ]           OpalRtMain.c        : ARTEMIS_RTE.description=Enables ARTEMIS blockset.
[      0.365 ]           OpalRtMain.c        : ARTEMIS_SSN.value=true
[      0.365 ]           OpalRtMain.c        : ARTEMIS_SSN.version=7.0
[      0.365 ]           OpalRtMain.c        : ARTEMIS_SSN.description=Enables ARTEMIS blockset with SSN option.
[      0.365 ]           OpalRtMain.c        : RTE_RT.value=true
[      0.365 ]           OpalRtMain.c        : RTE_RT.version=4.0
[      0.365 ]           OpalRtMain.c        : RTE_RT.description=Allows to execute models in real-time within RT-EVENTS.
[      0.365 ]           OpalRtMain.c        : ARTEMIS_NUM_CORES.value=2
[      0.365 ]           OpalRtMain.c        : ARTEMIS_NUM_CORES.version=7.0
[      0.365 ]           OpalRtMain.c        : ARTEMIS_NUM_CORES.description=Number of activated core to execute a model in real-time with ARTEMiS library.
[      0.365 ]           OpalRtMain.c        : RTE_DRIVE_NUM_CORES.value=2
[      0.365 ]           OpalRtMain.c        : RTE_DRIVE_NUM_CORES.version=4.0
[      0.365 ]           OpalRtMain.c        : RTE_DRIVE_NUM_CORES.description=Number of activated core to execute a model in real-time with RT-EVENTS library.
[      0.365 ]           OpalRtMain.c        : RTE_NUM_CORES.value=2
[      0.365 ]           OpalRtMain.c        : RTE_NUM_CORES.version=4.0
[      0.365 ]           OpalRtMain.c        : RTE_NUM_CORES.description=Number of activated core to execute a model in real-time with RT-EVENTS library.
[      0.365 ]           OpalRtMain.c        : SCOPEVIEW.value=true
[      0.365 ]           OpalRtMain.c        : SCOPEVIEW.version=11.0
[      0.365 ]           OpalRtMain.c        : SCOPEVIEW.description=Enables the ScopeView module for data analysis and chart reporting.
[      0.365 ]           OpalRtMain.c        : ARTEMIS_RT.value=true
[      0.365 ]           OpalRtMain.c        : ARTEMIS_RT.version=7.0
[      0.365 ]           OpalRtMain.c        : ARTEMIS_RT.description=Allows to execute models in real-time with ARTEMIS library. 
[      0.365 ]           OpalRtMain.c        : ARTEMIS_MMC.value=true
[      0.365 ]           OpalRtMain.c        : ARTEMIS_MMC.version=7.0
[      0.365 ]           OpalRtMain.c        : ARTEMIS_MMC.description=Enables  MMC block within ARTEMiS library.
[      0.365 ]           OpalRtMain.c        : ARTEMIS_MMC_CONTROLLER.value=true
[      0.365 ]           OpalRtMain.c        : ARTEMIS_MMC_CONTROLLER.version=7.0
[      0.365 ]           OpalRtMain.c        : ARTEMIS_MMC_CONTROLLER.description=Enables  MMC controller block within ARTEMiS library.
[      0.365 ]           OpalRtMain.c        : PHASOR_RT.value=true
[      0.365 ]           OpalRtMain.c        : PHASOR_RT.version=11.0
[      0.365 ]           OpalRtMain.c        : PHASOR_RT.description=Enables ePHASORsim real-time
[      0.366 ]           OpalRtMain.c        : PHASOR_NRT.value=true
[      0.366 ]           OpalRtMain.c        : PHASOR_NRT.version=11.0
[      0.366 ]           OpalRtMain.c        : PHASOR_NRT.description=Enables ePHASORsim offline
[      0.366 ]           OpalRtMain.c        : RTLAB_C37_118_SLAVE.value=true
[      0.366 ]           OpalRtMain.c        : RTLAB_C37_118_SLAVE.version=11.0
[      0.366 ]           OpalRtMain.c        : RTLAB_C37_118_SLAVE.description=Enables slave Synchrophasor Protocol C37.118.
[      0.366 ]           OpalRtMain.c        : RTLAB_DNP3_SLAVE.value=true
[      0.366 ]           OpalRtMain.c        : RTLAB_DNP3_SLAVE.version=11.0
[      0.366 ]           OpalRtMain.c        : RTLAB_DNP3_SLAVE.description=Enables slave Distributed Network Protocol (DNP3).
[      0.366 ]           OpalRtMain.c        : RTLAB_SPECTRACOM_TSYNC_PCIE.value=true
[      0.366 ]           OpalRtMain.c        : RTLAB_SPECTRACOM_TSYNC_PCIE.version=11.0
[      0.366 ]           OpalRtMain.c        : RTLAB_SPECTRACOM_TSYNC_PCIE.description=Enables GPS synchronization with the Spectracom TSync PCIe card.
[      0.366 ]           OpalRtMain.c        : RTE_DRIVE_RT.value=true
[      0.366 ]           OpalRtMain.c        : RTE_DRIVE_RT.version=4.0
[      0.366 ]           OpalRtMain.c        : RTE_DRIVE_RT.description=Allows to execute models in real-time within RT-EVENTS
[      0.366 ]           OpalRtMain.c        : XSG_PMSM_VDQ.value=true
[      0.366 ]           OpalRtMain.c        : XSG_PMSM_VDQ.version=11.0
[      0.366 ]           OpalRtMain.c        : XSG_PMSM_VDQ.description=Enables variable-DQ (VDQ) PMSM motor models on FPGA
[      0.366 ]           OpalRtMain.c        : XSG_PMSM_SH.value=true
[      0.366 ]           OpalRtMain.c        : XSG_PMSM_SH.version=11.0
[      0.366 ]           OpalRtMain.c        : XSG_PMSM_SH.description=Enables spacial harmonic  (SH) PMSM motor models on FPGA
[      0.366 ]           OpalRtMain.c        : XSG_EHS.value=true
[      0.366 ]           OpalRtMain.c        : XSG_EHS.version=11.0
[      0.366 ]           OpalRtMain.c        : XSG_EHS.description=Enables ultra-fast electric solver (eHS) on FPGA 
[      0.366 ]           OpalRtMain.c        : ARTEMIS_MMC_FPGA.value=true
[      0.366 ]           OpalRtMain.c        : ARTEMIS_MMC_FPGA.version=7.0
[      0.366 ]           OpalRtMain.c        : ARTEMIS_MMC_FPGA.description=Enables multi-modular converter (MMC) models on FPGA
[      0.366 ]           OpalRtMain.c        : XSG_FP.value=true
[      0.366 ]           OpalRtMain.c        : XSG_FP.version=11.0
[      0.366 ]           OpalRtMain.c        : XSG_FP.description=Enables XSG floating point (FP) block set on FPGA
[      0.366 ]           OpalRtMain.c        : XSG_DEV.value=true
[      0.366 ]           OpalRtMain.c        : XSG_DEV.version=11.0
[      0.366 ]           OpalRtMain.c        : XSG_DEV.description=Enables XSG development of custom firmware on FPGA
[      0.366 ]           OpalRtMain.c        : XSG_RT.value=true
[      0.366 ]           OpalRtMain.c        : XSG_RT.version=11.0
[      0.366 ]           OpalRtMain.c        : XSG_RT.description=Enables XSG runtime execution of custom firmware on FPGA
[      0.366 ]           OpalRtMain.c        : RTXSG_MMC.value=true
[      0.366 ]           OpalRtMain.c        : RTXSG_MMC.version=11.0
[      0.366 ]           OpalRtMain.c        : RTXSG_MMC.description=Enables RT-XSG blockset with MMC Block
[      0.366 ]           OpalRtMain.c        : RTLAB_C37_118_MASTER.value=true
[      0.366 ]           OpalRtMain.c        : RTLAB_C37_118_MASTER.version=11.0
[      0.366 ]           OpalRtMain.c        : RTLAB_C37_118_MASTER.description=Enables C37.118 master protocol option.
[      0.366 ]           OpalRtMain.c        : XSG_MMC_VALVE_CONTROLLERS.value=6
[      0.366 ]           OpalRtMain.c        : XSG_MMC_VALVE_CONTROLLERS.version=11.0
[      0.366 ]           OpalRtMain.c        : XSG_MMC_VALVE_CONTROLLERS.description=Maximum number of valve controllers
[      0.366 ]           OpalRtMain.c        : ARTEMIS_MMC_2P.value=true
[      0.366 ]           OpalRtMain.c        : ARTEMIS_MMC_2P.version=7.0
[      0.366 ]           OpalRtMain.c        : ARTEMIS_MMC_2P.description=Enables ARTEMIS blockset with MMC 2P Block
[      0.366 ]           OpalRtMain.c        : PHASOR_PARALLEL.value=1
[      0.366 ]           OpalRtMain.c        : PHASOR_PARALLEL.version=11.0
[      0.366 ]           OpalRtMain.c        : PHASOR_PARALLEL.description=Number of enabled threads for the ePHASORsim parallel feature
[      0.366 ]           OpalRtMain.c        : XSG_MMC_CELLS_PER_VALVE.value=100
[      0.366 ]           OpalRtMain.c        : XSG_MMC_CELLS_PER_VALVE.version=11.0
[      0.366 ]           OpalRtMain.c        : XSG_MMC_CELLS_PER_VALVE.description=MMC cells per valve
[      0.366 ]           OpalRtMain.c        : XSG_MMC_VALVES.value=6
[      0.366 ]           OpalRtMain.c        : XSG_MMC_VALVES.version=11.0
[      0.366 ]           OpalRtMain.c        : XSG_MMC_VALVES.description=MMC Valves
[      0.366 ]           OpalRtMain.c        : RTLAB_DEV.value=true
[      0.366 ]           OpalRtMain.c        : RTLAB_DEV.version=11.0
[      0.366 ]           OpalRtMain.c        : RTLAB_DEV.description=Allows to compile a model
[      0.366 ]           OpalRtMain.c        : C37_118_MASTER.value=true
[      0.366 ]           OpalRtMain.c        : C37_118_MASTER.version=11.0
[      0.366 ]           OpalRtMain.c        : C37_118_MASTER.description=C37118 MASTER
[      0.366 ]           OpalRtMain.c        : C37_118_SLAVE.value=true
[      0.366 ]           OpalRtMain.c        : C37_118_SLAVE.version=11.0
[      0.366 ]           OpalRtMain.c        : C37_118_SLAVE.description=C37118 SLAVE
[      0.366 ]           OpalRtMain.c        : MACHINE_INFO_BEGIN
[      0.366 ]           OpalRtMain.c        : MAC_RANK=0
[      0.366 ]           OpalRtMain.c        : INFO_TIME=06/05/2016
[      0.367 ]           OpalRtMain.c        : MAC Address=0C:C4:7A:0C:1F:5A
[      0.367 ]           OpalRtMain.c        : HD Serial Number=SATA_Samsung_SSD_840S1ANNSADB62748Y
[      0.367 ]           OpalRtMain.c        : MACHINE_INFO_END
[      0.367 ]           OpalRtMain.c        : -------  License info dump END  -------
[      0.367 ]           OpalRtMain.c        : 
[      0.367 ]           Highest active CPU: 4
[      0.367 ]           Subsystem SM_eHS allocates 1 cores.
[      0.385 ]           OpalRtMain.c        : model boost_and_two_level__1_sm_ehs assigned to logical cpu 1
[      0.385 ]           OpalRtMain.c        : Line 8131
[      0.385 ]           OpalRtMain.c        : Line 863
[      0.385 ]           OpalRtMain.c        : Monitoring is enabled
[      0.385 ]           MonLogger.c         : Registering internal probes ...
[      0.385 ]           MonLogger.c         : id  0 given to event "Sync Handler Jitter"
[      0.385 ]           MonLogger.c         : id  1 given to event "Synchronized IOs"
[      0.385 ]           MonLogger.c         : id  2 given to event "Status Update"
[      0.385 ]           MonLogger.c         : id  3 given to event "Data Acquisition"
[      0.385 ]           MonLogger.c         : id  4 given to event "New Data Acquisition"
[      0.385 ]           MonLogger.c         : id  5 given to event "Signals Change"
[      0.385 ]           MonLogger.c         : id  6 given to event "User Blobs"
[      0.385 ]           MonLogger.c         : id  7 given to event "Send Status"
[      0.385 ]           MonLogger.c         : id  8 given to event "Multi-Receive"
[      0.385 ]           MonLogger.c         : id  9 given to event "Handle target requests"
[      0.385 ]           MonLogger.c         : id 10 given to event "Handle host requests"
[      0.385 ]           MonLogger.c         : id 11 given to event "Pre-execution computation time"
[      0.385 ]           MonLogger.c         : id 12 given to event "Major computation time"
[      0.385 ]           MonLogger.c         : id 13 given to event "Minor computation time"
[      0.385 ]           MonLogger.c         : id 14 given to event "Post-execution computation time"
[      0.385 ]           MonLogger.c         : id 15 given to event "Execution Cycle"
[      0.385 ]           MonLogger.c         : id 16 given to event "Total Step Size"
[      0.385 ]           MonLogger.c         : id 17 given to event "Idle wait for clock"
[      0.385 ]           MonLogger.c         : id 18 given to event "Idle wait for comm"
[      0.385 ]           MonLogger.c         : id 19 given to event "Idle wait for io"
[      0.385 ]           MonLogger.c         : id 20 given to event "Total idle"
[      0.385 ]           MonLogger.c         : id 21 given to event "Number of Overruns"
[      0.385 ]           MonLogger.c         : Done registering 22 internal probes.
[      0.385 ]           OpalSync.c          : Monitoring Controller initialization, step 1 done
[      0.385 ]           OpalRtMain.c        : OpalAcq_Init()
[      0.385 ]           Loading data file: OpalAcquisitionSourcesCreator.data
[      0.389 ]           Loading data file: OpalRealTimeParametersCreator.data
[      0.392 ]           Service Parameters/ParametersService found
[      0.393 ]           HostRequest.c       : Requests from host will be received from thread
[      0.393 ]           OpalHostRecvIf.c    : Recv Thread started
[      0.393 ]           TargetRequest.c     : Requests to host will be sent from thread
[      0.393 ]           TargetRequest.c     : Requests to file will be sent from thread
[      0.393 ]           OpalHostSendIf.c    : Send Thread started
[      2.604 ]           OpalHostRecvIf.c    : RECV: connection to host established
[      2.697 ]           OpalPrint.c         : Sending path notification request for system control (cmd 29)
[      2.697 ]           OpalHostSendIf.c    : SEND: connection to host established
[      2.897 ]           OpalTarget.c        : OPALRT Shared Memory unlocked (post)
[      2.898 ]           OpalTarget.c        : Sub-systems added at position 0.
[      2.898 ]           OpalRtMain.c        : OpalInit: OPALRT shared memory found and opened
[      2.898 ]           OpalRtMain.c        : Line 1130
[      2.898 ]           OpalRtMain.c        : RT_mem_name = RT_boost_and_two_level__1_sm_ehs_11518
[      2.898 ]           OpalRtMain.c        : Line 1136
[      2.898 ]           OpalRtIf.c          : Shared memory RT created
[      2.903 ]           OpalRtMain.c        : Line 1141
[      2.903 ]           OpalRtMain.c        : Line 1246
[      2.903 ]           OpalRtMain.c        : Model stop time has been set to 0.000000 s
[      2.903 ]           OpalRtMain.c        : Model pause time has been set to 0.000000 s
[      2.903 ]           OpalRtMain.c        : Line 1311
[      2.903 ]           OpalRtMain.c        : Snapshot enabled.
[      2.903 ]           OpalRtMain.c        : Line 1342
[      2.903 ]           OpalRtMain.c        : Line 1418
[      2.903 ]           OpalRtMain.c        : Line 1542
[      2.903 ]           OpalRtMain.c        : Line 1579
[      2.903 ]           OpalRtMain.c        : Line 1601
[      2.903 ]           OpalRtMain.c        : Line 1640
[      2.903 ]           OpalRtMain.c        : Line 1664
[      2.903 ]           OpalRtMain.c        : Assigned main thread to CPU 1 (mask 0x2)
[      2.903 ]           OpalRtMain.c        : Display of standard output will be disabled
[      2.903 ]           OpalRtMain.c        : Standard output has been redirected to /dev/null
[      2.903 ]           OpalRtMain.c        : Standard error has been redirected to /dev/null
[      2.903 ]           OpalRtMain.c        : Standard input has been redirected to /dev/null
[      2.903 ]           OpalRtMain.c        : Line 1696
[      2.903 ]           OpalBlobsInternal.c : blobs: new callback function registered for blob id "OP_INFO_REGISTER_GET_INFO"
[      2.903 ]           OpalBlobsInternal.c : blobs: new callback function registered for blob id "OP_INFO_REGISTER_SET_INFO_1"
[      2.903 ]           OpalRtMain.c        : Exiting from OpalInit function. User block(s) will be called.
[      2.904 ]           OpalAcquisition.c   : Successfully registered acq group 1 for 4 fixed signals and 100 max dynamic signals
[      2.904 ]           Loading data file: OpalControlSignalsCreator.data
[      2.904 ]           FctOP7160ex1Load_In_: OpFcn LoadIn: Registered functionalities  1 to controller 'OpCtrl'.
[      2.904 ]           efs solver config: ehs_config_eHSx64v3_SID4894.mat was opened successfully
Number of signals (including time ): 12
Number of samples: 1457
Variable name = ehs_config 
[      2.905 ]           efs solver config: successfully transferred ehs_config_eHSx64v3_SID4894.mat to the memory buffer.
[      2.905 ]           FctOP7160ex1Load_In_: OpFcn LoadIn: Registered functionalities  0 to controller 'OpCtrl'.
[      2.905 ]           FctOP7160ex1Send_mis: OpFcn Send: Registered functionalities  0 to controller 'OpCtrl'.
[      2.905 ]           FctOP7160ex1Recv_mis: OpFcn Recv: Registered functionality  0 to controller 'OpCtrl'.
[      2.905 ]           FctOP7160ex1Recv_mis: OpFcn 'Recv': OP7160EX1_PERFS is set to ON
[      2.905 ]           MonLogger.c         : id 22 given to event "op7160ex1_wait_recv_0_OpCtrl"
[      2.905 ]           OpalAcquisition.c   : Successfully registered acq group 2 for 8 fixed signals and 0 max dynamic signals
[      2.905 ]           OpalAcquisition.c   : Successfully registered acq group 4 for 3 fixed signals and 0 max dynamic signals
[      2.905 ]           OpalAcquisition.c   : Successfully registered acq group 3 for 6 fixed signals and 0 max dynamic signals
[      2.905 ]           OpalAcquisition.c   : Successfully registered acq group 5 for 2 fixed signals and 0 max dynamic signals
[      2.905 ]           FctOP7160ex1Load_In_: OpFcn LoadIn: Registered functionalities  3 to controller 'OpCtrl'.
[      2.905 ]           FctOP7160ex1Recv_mis: OpFcn Recv: Registered functionality  1 to controller 'OpCtrl'.
[      2.905 ]           FctOP7160ex1Recv_mis: OpFcn 'Recv': OP7160EX1_PERFS is set to ON
[      2.905 ]           MonLogger.c         : id 23 given to event "op7160ex1_wait_recv_1_OpCtrl"
[      2.905 ]           FctOP7160ex1Send_mis: OpFcn Send: Registered functionalities 14 to controller 'OpCtrl'.
[      2.905 ]           sfun_op7160ex1_event: EventDetector : Max Number of Events[0] = 1
[      2.905 ]           op7160ex1_event_dete: Event Detector Recv: Initialization of DataOut5 (port 4) with controller 'OpCtrl' done.
[      2.905 ]           MonLogger.c         : id 24 given to event "op7160ex1_wait_evd_4_OpCtrl"
[      2.905 ]           FctOP7160ex1Load_In_: OpFcn LoadIn: Registered functionalities 12 to controller 'OpCtrl'.
[      2.905 ]           sfun_op7160ex1_event: EventDetector : Max Number of Events[0] = 1
[      2.905 ]           sfun_op7160ex1_event: EventDetector : Max Number of Events[1] = 1
[      2.905 ]           sfun_op7160ex1_event: EventDetector : Max Number of Events[2] = 1
[      2.905 ]           sfun_op7160ex1_event: EventDetector : Max Number of Events[3] = 1
[      2.905 ]           sfun_op7160ex1_event: EventDetector : Max Number of Events[4] = 1
[      2.905 ]           sfun_op7160ex1_event: EventDetector : Max Number of Events[5] = 1
[      2.905 ]           sfun_op7160ex1_event: EventDetector : Max Number of Events[6] = 1
[      2.905 ]           sfun_op7160ex1_event: EventDetector : Max Number of Events[7] = 1
[      2.905 ]           op7160ex1_event_dete: Event Detector Recv: Initialization of DataOut6 (port 5) with controller 'OpCtrl' done.
[      2.905 ]           MonLogger.c         : id 25 given to event "op7160ex1_wait_evd_5_OpCtrl"
[      2.905 ]           FctOP7160ex1Load_In_: OpFcn LoadIn: Registered functionalities 13 to controller 'OpCtrl'.
[      2.905 ]           opwritefile.c       : Registering OpWriteFile group 26: static filename. RT-LAB acq writes.
[      2.905 ]           OpalAcquisition.c   : OpWriteFile group 26: the specified buffer size (1048576 bytes) is not large enough
[      2.905 ]           OpalAcquisition.c   : for 400000 sample(s) of 6 signal(s). The buffer size has been set to 22400026.
[      2.912 ]           OpalClientServer.c  : DATA MEM allocated: 22404179 bytes for client 31
[      2.912 ]           OpalClientServer.c  : (One extra signal for Write to File)
[      2.912 ]           sfun_op7160ex1_event: EventGenerator : ld->maxEvent[0] = 4
[      2.912 ]           sfun_op7160ex1_event: EventGenerator : ld->maxEvent[1] = 4
[      2.912 ]           sfun_op7160ex1_event: EventGenerator : ld->maxEvent[2] = 4
[      2.912 ]           sfun_op7160ex1_event: EventGenerator : ld->maxEvent[3] = 4
[      2.912 ]           sfun_op7160ex1_event: EventGenerator : ld->maxEvent[4] = 4
[      2.912 ]           sfun_op7160ex1_event: EventGenerator : ld->maxEvent[5] = 4
[      2.912 ]           sfun_op7160ex1_event: EventGenerator : ld->maxEvent[6] = 4
[      2.912 ]           sfun_op7160ex1_event: EventGenerator : ld->maxEvent[7] = 4
[      2.912 ]           op7160ex1_event_gene: Event Generator 'Send': Initialization of DataInt2 (port 1) with controller 'OpCtrl' done.
[      2.912 ]           OpalAcquisition.c   : Registering trigger for acq group 26 : type is 0, offset is 0
[      2.912 ]           sfun_ctrl_op7160ex1.: Board Id = 0
[      2.912 ]           op7160ex1_ctrl.c    : Controller: sampleTime=0.000020, sampleFactor=0, decimation=1
[      2.912 ]           op7160ex1_ctrl.c    : productId = 35
[      2.912 ]           opsystemlib.c       : opsystem_single_step = 0, len = 0
[      2.912 ]           opsystemlib.c       : opsystem_dcs_sync = 1
[      2.912 ]           opsystemlib.c       : Creating Opal PCIe shared memory OP4500EX1
[      4.029 ]           opsystem_bdlib.c    : Board found (0x1b2c 0x7325 0)
[      4.129 ]           ml605lib.c          : Device Control Register [3007]
[      4.130 ]           ml605lib.c          : bdStruct->pciSpec.physicalBar[0]=0xdfa00000
[      4.130 ]           ml605lib.c          : map_pcibar0=0xad788000
[      4.130 ]           ml605lib.c          : IRQ Number:	11
[      4.130 ]           ml605irq_lib.c      : Share memory size: 56
[      4.130 ]           ml605irq_lib.c      : Share memory virtual address: 0xad787000
[      4.130 ]           ml605irq_lib.c      : Share memory physical address: 0x2b1cd000
[      4.130 ]           ml605irq_lib.c      : Share memory kernel address: 0xeb1cd000
[      4.130 ]           ml605lib.c          : vendor_id=4d4d504b
[      4.130 ]           ml605lib.c          : board_number=7325
[      4.130 ]           ml605lib.c          : board_number_minor=1
[      4.130 ]           ml605lib.c          : board_number_tag=A
[      4.130 ]           ml605lib.c          : impl_value[3]=E
[      4.130 ]           ml605lib.c          : impl_value[2]=-
[      4.130 ]           ml605lib.c          : impl_value[1]=X
[      4.130 ]           ml605lib.c          : impl_value[0]=-
[      4.130 ]           ml605lib.c          : Chassis Index=0
[      4.130 ]           ml605lib.c          : Slot Id=1
[      4.130 ]           ml605lib.c          : GZ_minor=0
[      4.130 ]           ml605lib.c          : GZ_revision=2
[      4.130 ]           ml605lib.c          : minor_id=303
[      4.130 ]           ml605lib.c          : revision_id=3
[      4.130 ]           ml605lib.c          : pcie_gen=1
[      4.130 ]           ml605lib.c          : pcie_link_width=4
[      4.130 ]           ml605lib.c          : Chassis index:	0
[      4.130 ]           ml605lib.c          : Card type:	MMPK1A
[      4.130 ]           ml605lib.c          : Bus type:	EX  
[      4.130 ]           ml605lib.c          : Minor ID:	0303
[      4.130 ]           ml605lib.c          : Revision ID:	0003
[      4.130 ]           ml605lib.c          : PCIe gen:	2 (x4)
[      4.130 ]           ml605shm_lib.c      : [0] - ml605_shmem 0xad888000, addr0=dfa00000, size0 = 100, inUse = 1 pci_index 0 

[      4.130 ]           opsystem_bdlib.c    : Board not found (0x1b2c 0x7325 1)
[      4.330 ]           opsystem_bdlib.c    : Board not found (0x1b2c 0x7410 0)
[      4.430 ]           ml605shm_lib.c      : Smallest board index found 
[      4.435 ]           ml605shm_lib.c      : Smallest board index found = 0
[      4.441 ]           ml605shm_lib.c      : Number of cards detected = 1 
[      4.446 ]           opsystemlib.c       : Board found with board index 0
[      4.446 ]           opsystemlib.c       : Module search completed
[      4.446 ]           opsystemlib.c       : Number of modules connected to board type 5, index 0 : 1
[      4.446 ]           opsystemlib.c       : Adding pid for board 0, nextAddr= 0, procList= 0xad888149
[      4.446 ]           opsystemlib.c       : procPIDs[0]= 11518
[      4.446 ]           opsystemlib.c       : board 0 nextFreeID 1 totalProcessConnected 1
[      4.446 ]           ml605lib.c          : *bdData->dmab.Size=12000,DmaPhys = 0x2b140000
[      4.446 ]           ml605lib.c          : Check PCI8311_DMA0_COUNT = 0x0
[      4.446 ]           ml605lib.c          : Check PCI8311_DMA0_PCI_ADDR = 0x2b140000
[      4.446 ]           ml605lib.c          : Check PCI8311_DMA1_COUNT = 0x0
[      4.446 ]           ml605lib.c          : Check PCI8311_DMA1_PCI_ADDR = 0x2b149000
[      4.446 ]           op7160ex1_ctrl.c    : Controller 'OpCtrl': sync status = 1 (1:Master, 0:Slave)
[      4.446 ]           op7160ex1_ctrl_publi: op7160ex1_getHarwareIDs
[      4.446 ]           op7160ex1_ctrl_publi: Controller 'OpCtrl': Hardware detected in slot 1 / section A is 'DIN' (FB) (expected 'DIN' (FB)) 
[      4.446 ]           op7160ex1_ctrl_publi: Controller 'OpCtrl': Hardware detected in slot 1 / section B is 'DOUT' (CD) (expected 'DOUT' (CD)) 
[      4.446 ]           op7160ex1_ctrl_publi: Controller 'OpCtrl': Hardware detected in slot 2 / section A is 'AIN' (C1) (expected 'AIN' (C1)) 
[      4.446 ]           op7160ex1_ctrl_publi: Controller 'OpCtrl': Hardware detected in slot 2 / section B is 'AOUT' (C3) (expected 'AOUT' (C3)) 
[      4.446 ]           op7160ex1_ctrl_publi: Controller 'OpCtrl': Hardware detected in slot 3 / section A is 'Unsupported Id (0)' (0) (expected 'Unsupported Id (0)' (0)) 
[      4.446 ]           op7160ex1_ctrl_publi: Controller 'OpCtrl': Hardware detected in slot 3 / section B is 'Unsupported Id (0)' (0) (expected 'Unsupported Id (0)' (0)) 
[      4.446 ]           op7160ex1_ctrl_publi: Controller 'OpCtrl': Hardware detected in slot 4 / section A is 'Unsupported Id (0)' (0) (expected 'Unsupported Id (0)' (0)) 
[      4.446 ]           op7160ex1_ctrl_publi: Controller 'OpCtrl': Hardware detected in slot 4 / section B is 'Unsupported Id (0)' (0) (expected 'Unsupported Id (0)' (0)) 
[      4.446 ]           ctrl_op7160ex1_misc.: Controller 'OpCtrl': Initialized
[      4.446 ]           ctrl_op7160ex1_misc.: Only one configuration is specified by the bitstream
[      4.446 ]           op7160ex1_ctrl_publi: getApplication_DataSel_ToFPGA_Address() setted register address 0xad804000
[      4.446 ]           ml605lib.c          : in ml605_getApplication_DataSel_FromFPGA_Address(addr 0xad804100)
[      4.446 ]           op7160ex1_ctrl_publi: getApplication_DataSel_FromFPGA_Address() setted register address 0xad804100
[      4.446 ]           OpalRtMain.c        : SyncExchanger manager licenses registering...
[      4.446 ]           OpalRtMain.c        : OpalMainLoop()
[      4.446 ]           OpalSync.c          : Monitoring Controller initialization completed.
[      4.446 ]           MonLogger.c         : Acq source memory created for monitoring, 26 probes, 52 signals
[      4.446 ]           MonLogger.c         : Monitoring Logger initialization completed.
[      4.446 ]           OpalAcquisition.c   : Successfully registered 52 signals for monitoring
[      4.446 ]           OpalAcquisition.c   : Registering trigger for acq group 1 : type is 3, offset is 0
[      4.446 ]           OpalAcquisition.c   : Registering trigger for acq group 2 : type is 3, offset is 0
[      4.446 ]           OpalAcquisition.c   : Registering trigger for acq group 3 : type is 3, offset is 0
[      4.446 ]           OpalAcquisition.c   : Registering trigger for acq group 4 : type is 3, offset is 0
[      4.446 ]           OpalAcquisition.c   : Registering trigger for acq group 5 : type is 3, offset is 0
[      4.446 ]           OpalAcquisition.c   : Registering trigger for acq group 25 : type is 3, offset is 0
[      4.446 ]           OpalBlobsInternal.c : blobs: new callback function registered for blob id "STATIC_ACQ_INFO"
[      4.448 ]           OpalClientServer.c  : DATA MEM allocated: 4209936 bytes for client 6
[      4.448 ]           OpalClientServer.c  : (One extra signal for Write to File)
[      4.448 ]           OpalClientServer.c  : DATA MEM allocated: 368336 bytes for client 7
[      4.448 ]           OpalClientServer.c  : (One extra signal for Write to File)
[      4.448 ]           OpalClientServer.c  : DATA MEM allocated: 288336 bytes for client 8
[      4.448 ]           OpalClientServer.c  : (One extra signal for Write to File)
[      4.448 ]           OpalClientServer.c  : DATA MEM allocated: 168336 bytes for client 9
[      4.448 ]           OpalClientServer.c  : (One extra signal for Write to File)
[      4.448 ]           OpalClientServer.c  : DATA MEM allocated: 128336 bytes for client 10
[      4.448 ]           OpalClientServer.c  : (One extra signal for Write to File)
[      4.448 ]           OpalClientServer.c  : DATA MEM allocated: 857168 bytes for client 30
[      4.448 ]           OpalClientServer.c  : (One extra signal for Write to File)
[      4.448 ]           OpalRtMain.c        : Line 1778
[      4.448 ]           OpalClientServer.c  : DATA MEM allocated: 4290 bytes for client 1
[      4.448 ]           OpalClientServer.c  : (One extra signal for Write to File)
[      4.448 ]           OpalRtMain.c        : Line 1783
[      4.448 ]           OpalRtBlobs.c       : Number of registered blobs ids = 3
[      4.448 ]           OpalClientServer.c  : DATA MEM allocated: 66092 bytes for client 5
[      4.448 ]           OpalClientServer.c  : (One extra signal for Write to File)
[      4.448 ]           OpalRtBlobs.c       : OpalBlobs_MemInit, frame 0, actualDataSize 66092
[      4.448 ]           OpalRtMain.c        : Line 1785
[      4.448 ]           OpalIO.c            : Searching call back INIT for sample time 0.000000 ...
[      4.448 ]           OpalIO.c            :    Calling prio 1
[      4.448 ]           op7160ex1_ctrl.c    : attachFunctionToCtrl: fcnId=50 *pFcnNo=1 uNbFcn=1
[      4.448 ]           FctOP7160ex1Load_In_: OpFcn LoadIn: Attached to controller 'OpCtrl' with functionality 'LoadIn'.
[      4.448 ]           OpalIO.c            :    Calling prio 1
[      4.448 ]           op7160ex1_ctrl.c    : attachFunctionToCtrl: fcnId=50 *pFcnNo=0 uNbFcn=1
[      4.449 ]           FctOP7160ex1Load_In_: OpFcn LoadIn: Attached to controller 'OpCtrl' with functionality 'LoadIn'.
[      4.449 ]           OpalIO.c            :    Calling prio 1
[      4.449 ]           op7160ex1_ctrl.c    : attachFunctionToCtrl: fcnId=49 *pFcnNo=0 uNbFcn=1
[      4.449 ]           OpGenFun_OP7160EX1Se: OpGenFun_OP7160EX1Send_Init_FcnData : pFuncData=0x89a6a60, FcnNo = 0 (DataIn0), pvAddress=0xad888251, pWidth=0x84fc380
[      4.449 ]           FctOP7160ex1Send_mis: OpFcn Send: Attached to controller 'OpCtrl' with functionality 'Send'.
[      4.449 ]           OpGenFun_OP7160EX1Se: OpGenFun_OP7160EX1Send_init() : uNbFcn=0, uFcnNumber=0, adr=0x0
[      4.449 ]           OpGenFun_OP7160EX1Se: OpGenFun_OP7160EX1Send_init() : h->width = 3
[      4.449 ]           OpGenFun_OP7160EX1Se: OpGenFun_OP7160EX1Send_init() : h->p_width = 0xad888251, *h->p_width = 0
[      4.449 ]           OpalIO.c            :    Calling prio 1
[      4.449 ]           op7160ex1_ctrl.c    : attachFunctionToCtrl: fcnId=48 *pFcnNo=0 uNbFcn=1
[      4.449 ]           OpGenFun_OP7160EX1Re: OpGenFun_OP7160EX1Recv_Init_FcnData() : pFuncData=0x89a5d3c, FcnNo = 0, pvAddress=0x0, pWidth=0xad8882e1
[      4.449 ]           FctOP7160ex1Recv_mis: OpFcn Recv: Attached to controller 'OpCtrl' with functionality 'Recv'.
[      4.449 ]           OpGenFun_OP7160EX1Re: OpGenFun_OP7160EX1Recv_init() : uNbFcn=0, uFcnNumber=0, adr=0x0
[      4.449 ]           OpGenFun_OP7160EX1Re: OpGenFun_OP7160EX1Recv_init() : h->width = 8
[      4.449 ]           OpGenFun_OP7160EX1Re: OpGenFun_OP7160EX1Recv_init() : h->p_width = 0xad8882e1, *h->p_width = 0
[      4.449 ]           OpalIO.c            :    Calling prio 1
[      4.449 ]           op7160ex1_ctrl.c    : attachFunctionToCtrl: fcnId=50 *pFcnNo=3 uNbFcn=1
[      4.449 ]           FctOP7160ex1Load_In_: OpFcn LoadIn: Attached to controller 'OpCtrl' with functionality 'LoadIn'.
[      4.449 ]           OpalIO.c            :    Calling prio 1
[      4.449 ]           op7160ex1_ctrl.c    : attachFunctionToCtrl: fcnId=48 *pFcnNo=1 uNbFcn=1
[      4.449 ]           OpGenFun_OP7160EX1Re: OpGenFun_OP7160EX1Recv_Init_FcnData() : pFuncData=0x89a5da4, FcnNo = 1, pvAddress=0x0, pWidth=0xad8882e5
[      4.449 ]           FctOP7160ex1Recv_mis: OpFcn Recv: Attached to controller 'OpCtrl' with functionality 'Recv'.
[      4.449 ]           OpGenFun_OP7160EX1Re: OpGenFun_OP7160EX1Recv_init() : uNbFcn=0, uFcnNumber=1, adr=0x0
[      4.449 ]           OpGenFun_OP7160EX1Re: OpGenFun_OP7160EX1Recv_init() : h->width = 7
[      4.449 ]           OpGenFun_OP7160EX1Re: OpGenFun_OP7160EX1Recv_init() : h->p_width = 0xad8882e5, *h->p_width = 0
[      4.449 ]           OpalIO.c            :    Calling prio 1
[      4.449 ]           op7160ex1_ctrl.c    : attachFunctionToCtrl: fcnId=49 *pFcnNo=14 uNbFcn=1
[      4.449 ]           OpGenFun_OP7160EX1Se: OpGenFun_OP7160EX1Send_Init_FcnData : pFuncData=0x89a6ad0, FcnNo = 14 (DataIn0), pvAddress=0xad888289, pWidth=0x84fc380
[      4.449 ]           FctOP7160ex1Send_mis: OpFcn Send: Attached to controller 'OpCtrl' with functionality 'Send'.
[      4.449 ]           OpGenFun_OP7160EX1Se: OpGenFun_OP7160EX1Send_init() : uNbFcn=0, uFcnNumber=14, adr=0x0
[      4.449 ]           OpGenFun_OP7160EX1Se: OpGenFun_OP7160EX1Send_init() : h->width = 16
[      4.449 ]           OpGenFun_OP7160EX1Se: OpGenFun_OP7160EX1Send_init() : h->p_width = 0xad888289, *h->p_width = 0
[      4.449 ]           OpalIO.c            :    Calling prio 1
[      4.449 ]           op7160ex1_ctrl.c    : attachFunctionToCtrl: fcnId=48 *pFcnNo=4 uNbFcn=1
[      4.449 ]           OpGenFun_OP7160EX1Re: OpGenFun_OP7160EX1Recv_Init_FcnData() : pFuncData=0x89a5e0c, FcnNo = 4, pvAddress=0x0, pWidth=0xad8882f1
[      4.449 ]           op7160ex1_event_dete: Event Detector 'Recv': DataOut5 attached to controller 'OpCtrl' with functionality 'Recv'.
[      4.449 ]           OpGenFun_OP7160EX1Re: OpGenFun_OP7160EX1Recv_init() : uNbFcn=0, uFcnNumber=4, adr=0x0
[      4.449 ]           OpGenFun_OP7160EX1Re: OpGenFun_OP7160EX1Recv_init() : h->width = 1
[      4.449 ]           OpGenFun_OP7160EX1Re: OpGenFun_OP7160EX1Recv_init() : h->p_width = 0xad8882f1, *h->p_width = 0
[      4.449 ]           OpGenFun_OP7160EX1Re: OpGenFun_OP7160EX1Recv_set_application_DataSel_FromFPGA() : Registers at address 0xad804100 are disabled (old bitstream?)
[      4.449 ]           OpalIO.c            :    Calling prio 1
[      4.449 ]           op7160ex1_ctrl.c    : attachFunctionToCtrl: fcnId=50 *pFcnNo=12 uNbFcn=1
[      4.449 ]           FctOP7160ex1Load_In_: OpFcn LoadIn: Attached to controller 'OpCtrl' with functionality 'LoadIn'.
[      4.449 ]           OpalIO.c            :    Calling prio 1
[      4.449 ]           op7160ex1_ctrl.c    : attachFunctionToCtrl: fcnId=48 *pFcnNo=5 uNbFcn=1
[      4.449 ]           OpGenFun_OP7160EX1Re: OpGenFun_OP7160EX1Recv_Init_FcnData() : pFuncData=0x89a5e74, FcnNo = 5, pvAddress=0x0, pWidth=0xad8882f5
[      4.449 ]           op7160ex1_event_dete: Event Detector 'Recv': DataOut6 attached to controller 'OpCtrl' with functionality 'Recv'.
[      4.449 ]           OpGenFun_OP7160EX1Re: OpGenFun_OP7160EX1Recv_init() : uNbFcn=0, uFcnNumber=5, adr=0x0
[      4.449 ]           OpGenFun_OP7160EX1Re: OpGenFun_OP7160EX1Recv_init() : h->width = 8
[      4.449 ]           OpGenFun_OP7160EX1Re: OpGenFun_OP7160EX1Recv_init() : h->p_width = 0xad8882f5, *h->p_width = 0
[      4.449 ]           OpGenFun_OP7160EX1Re: OpGenFun_OP7160EX1Recv_set_application_DataSel_FromFPGA() : Registers at address 0xad804100 are disabled (old bitstream?)
[      4.449 ]           OpalIO.c            :    Calling prio 1
[      4.449 ]           op7160ex1_ctrl.c    : attachFunctionToCtrl: fcnId=50 *pFcnNo=13 uNbFcn=1
[      4.449 ]           FctOP7160ex1Load_In_: OpFcn LoadIn: Attached to controller 'OpCtrl' with functionality 'LoadIn'.
[      4.449 ]           OpalIO.c            :    Calling prio 1
[      4.449 ]           op7160ex1_ctrl.c    : attachFunctionToCtrl: fcnId=49 *pFcnNo=1 uNbFcn=1
[      4.449 ]           OpGenFun_OP7160EX1Se: OpGenFun_OP7160EX1Send_Init_FcnData : pFuncData=0x89a6b40, FcnNo = 1 (DataIn0), pvAddress=0xad888255, pWidth=0x84fc380
[      4.449 ]           op7160ex1_event_gene: Event Generator 'Send' (DataIn2): Attached to controller 'OpCtrl' with functionality 'Send'.
[      4.449 ]           OpGenFun_OP7160EX1Se: OpGenFun_OP7160EX1Send_init() : uNbFcn=0, uFcnNumber=1, adr=0x0
[      4.449 ]           OpGenFun_OP7160EX1Se: OpGenFun_OP7160EX1Send_init() : h->width = 32
[      4.449 ]           OpGenFun_OP7160EX1Se: OpGenFun_OP7160EX1Send_init() : h->p_width = 0xad888255, *h->p_width = 0
[      4.449 ]           OpGenFun_OP7160EX1Se: OpGenFun_OP7160EX1Send_set_application_DataSel_ToFPGA() : Registers at address 0xad804000 are disabled (old bitstream?)
[      4.449 ]           OpalIO.c            :    Calling prio 1
[      4.449 ]           opconfig_sync.c     : The OpCtrl OP7160EX1 block has registered to be master of the synchronization.
[      4.449 ]           ml605lib.c          : Clock Mode 0 (0 for Hardware) Mode 1 (0 Slave 1 Master 2 Master with ext)
[      4.449 ]           ml605lib.c          : Setting synchronization type to LVDS (audio)
[      4.449 ]           OpalIO.c            :    Calling prio 2
[      4.449 ]           OpalIO.c            : Searching call back INIT for sample time 0.000020 ...
[      4.449 ]           OpalRtMain.c        : Line 1795
[      4.449 ]           OpalRtIf.c          : Shared memory MRate created
[      4.449 ]           OpalRtIf.c          : Line 2338
[      4.449 ]           OpalRtIf.c          : Line 2363
[      4.450 ]           OpalRtIf.c          : sm_ehs have 1509 points (500+0+5+0+4+0+0+1000)
[      4.450 ]           OpalRtIf.c          : BossClk : sm_ehs
[      4.450 ]           OpalRtIf.c          : Status sample time: 0.000020
[      4.450 ]           OpalRtIf.c          : Line 3040
[      4.450 ]           OpalRtMain.c        : SubSystem step size = 0.000020 sec. Status updated at every 1 local step.
[      4.450 ]           OpalRtMain.c        : ------- Log node 1 -------
[      4.450 ]           OpalRtMain.c        : IO               = 0
[      4.450 ]           OpalRtMain.c        : subSysSampleTime = 0.000020
[      4.450 ]           OpalRtMain.c        : typeOfClock      = 3
[      4.450 ]           OpalRtMain.c        : clockFactor      = 1
[      4.450 ]           OpalRtMain.c        : OpSyncHard       = 1
[      4.450 ]           OpalRtMain.c        : NeedSync         = 0
[      4.450 ]           OpalRtMain.c        : StatusST         = 0.000020
[      4.450 ]           OpalRtMain.c        : skip             = 1
[      4.450 ]           OpalRtMain.c        : XHP mode enabled on this CPU.
[      4.450 ]           OpalRtMain.c        : Synchronized with hardware timer.
[      4.450 ]           OpalRtMain.c        : Line 2231
[      4.450 ]           OpalClientServer.c  : DATA MEM allocated: 1470142 bytes for client 3
[      4.450 ]           OpalClientServer.c  : (One extra signal for Write to File)
[      4.451 ]           OpalRtMain.c        : Some of the model parameters are not double. Parameter modification may not work properly.
[      4.451 ]           OpalRtMain.c        : Line 2296
[      4.451 ]           OpalRtMain.c        : Parameters Init: subsystem has 1237 values (1264), 1 pages.

[      4.451 ]           OpalClientServer.c  : DATA MEM allocated: 20926 bytes for client 2
[      4.451 ]           OpalClientServer.c  : (One extra signal for Write to File)
[      4.451 ]           OpalRtMain.c        : Line 2302
[      4.451 ]           OpalClientServer.c  : DATA MEM allocated: 327645 bytes for client 4
[      4.451 ]           OpalClientServer.c  : (One extra signal for Write to File)
[      4.451 ]           Signals.c           : ReturnSignalsInit, id 4, maxNbSignals 1015, buf size 327645
[      4.451 ]           Signals.c           : ReturnSignalsInit, frame 0, actualDataSize 327645
[      4.451 ]           OpalRtMain.c        : Line 2320
[      4.451 ]           OpalRtMain.c        : Subsys found in shared memory.
[      4.469 ]           OpalRtMain.c        : Line 2347
[      4.469 ]           OpalTarget.c        : Sending notification request for system control (cmd 7)
[      4.480 ]           OpalRtMain.c        : Line 2352
[      4.481 ]           OpalRtMain.c        : Line 2418
[      4.481 ]           OpalRtMain.c        : The model contains 2 sample times.
[      4.481 ]           OpalRtMain.c        : Base sample time = 0.000020
[      4.481 ]           OpalRtMain.c        : Real-time SingleTasking mode.
[      4.481 ]           OpalRtMain.c        : OpalExecutionMainLoop()
[      4.481 ]           OpalRtMain.c        : *** Fetched 1 cores, remains 1
[      4.481 ]           OpalRtMain.c        : RT-LAB license ok. Unlimited time license.
[      4.481 ]           MonLogger.c         : Monitoring: start time = 0.000 ms, using CPU speed = 3300 MHz
[      4.481 ]           OpalRtSnapshot.c    : Snapshot taken (opboost_and_two_level__sm_ehs_0.snap).
[      4.481 ]           OpalRtSnapshot.c    : Estimated time to take a snapshot = 177 us.
[      4.482 ]           OpalPrint.c         : Sending file name notification request for system control (cmd 30)
[      4.482 ]           OpalHostSendIf.c    : Open file done (/home/laptop-5fbkhmjv/users/jiang/opal-rt/rt-labv11_workspace/pv_inverter/models/boost_and_two_level_bridge_rtlab/boost_and_two_level_bridge_rtlab_sm_ehs/opboost_and_two_level__sm_ehs_0.snap)
[      4.594 ]           OpalHostSendIf.c    : Close file done (/home/laptop-5fbkhmjv/users/jiang/opal-rt/rt-labv11_workspace/pv_inverter/models/boost_and_two_level_bridge_rtlab/boost_and_two_level_bridge_rtlab_sm_ehs/opboost_and_two_level__sm_ehs_0.snap)
[      4.594 ]           OpalPrint.c         : Sending file name notification request for system control (cmd 33)
[      4.594 ]           OpalTarget.c        : Sending notification request for system control (cmd 20)
[      4.594 ]           OpalRtMain.c        :  [0]: PAUSE mode, IO set to pause value.
[      4.594 ]           OpalRtMain.c        : 		Total of 0 Overrun detected.
[      4.594 ]           OpalRtMain.c        : 		Wed May 24 22:52:27 2017

[      4.594 ]           ml605lib.c          : -- LOADOUT --
[      4.594 ]           ml605lib.c          : Channel 0, width 0, address 0
[      4.594 ]           ml605lib.c          : Channel 1, width 0, address 0
[      4.594 ]           ml605lib.c          : Channel 2, width 0, address 0
[      4.594 ]           ml605lib.c          : Channel 3, width 0, address 0
[      4.594 ]           ml605lib.c          : Channel 4, width 0, address 0
[      4.594 ]           ml605lib.c          : Channel 5, width 0, address 0
[      4.594 ]           ml605lib.c          : Channel 6, width 0, address 0
[      4.594 ]           ml605lib.c          : Channel 7, width 0, address 0
[      4.594 ]           ml605lib.c          : Channel 8, width 0, address 0
[      4.594 ]           ml605lib.c          : Channel 9, width 0, address 0
[      4.594 ]           ml605lib.c          : Channel 10, width 0, address 0
[      4.594 ]           ml605lib.c          : Channel 11, width 0, address 0
[      4.594 ]           ml605lib.c          : Channel 12, width 0, address 0
[      4.594 ]           ml605lib.c          : Channel 13, width 0, address 0
[      4.594 ]           ml605lib.c          : Channel 14, width 0, address 0
[      4.594 ]           ml605lib.c          : Channel 15, width 0, address 0
[      4.594 ]           ml605lib.c          : Channel 16, width 0, address 0
[      4.594 ]           ml605lib.c          : Channel 17, width 0, address 0
[      4.594 ]           ml605lib.c          : Channel 18, width 0, address 0
[      4.594 ]           ml605lib.c          : Channel 19, width 0, address 0
[      4.595 ]           ml605lib.c          : Channel 20, width 0, address 0
[      4.595 ]           ml605lib.c          : Channel 21, width 0, address 0
[      4.595 ]           ml605lib.c          : Channel 22, width 0, address 0
[      4.595 ]           ml605lib.c          : Channel 23, width 0, address 0
[      4.595 ]           ml605lib.c          : Channel 24, width 0, address 0
[      4.595 ]           ml605lib.c          : Channel 25, width 0, address 0
[      4.595 ]           ml605lib.c          : Channel 26, width 0, address 0
[      4.595 ]           ml605lib.c          : Channel 27, width 0, address 0
[      4.595 ]           ml605lib.c          : Channel 28, width 0, address 0
[      4.595 ]           ml605lib.c          : Channel 29, width 0, address 0
[      4.595 ]           ml605lib.c          : Channel 30, width 0, address 0
[      4.595 ]           ml605lib.c          : Channel 31, width 0, address 0
[      4.595 ]           ml605lib.c          : -- LOADIN --
[      4.595 ]           ml605lib.c          : Channel 0, width 10, address ad7b4000
[      4.595 ]           ml605lib.c          : Channel 1, width 1, address ad7b4400
[      4.595 ]           ml605lib.c          : Channel 2, width 0, address 0
[      4.595 ]           ml605lib.c          : Channel 3, width 18, address ad7b4c00
[      4.595 ]           ml605lib.c          : Channel 4, width 0, address 0
[      4.595 ]           ml605lib.c          : Channel 5, width 0, address 0
[      4.595 ]           ml605lib.c          : Channel 6, width 0, address 0
[      4.595 ]           ml605lib.c          : Channel 7, width 0, address 0
[      4.595 ]           ml605lib.c          : Channel 8, width 0, address 0
[      4.595 ]           ml605lib.c          : Channel 9, width 0, address 0
[      4.595 ]           ml605lib.c          : Channel 10, width 0, address 0
[      4.595 ]           ml605lib.c          : Channel 11, width 0, address 0
[      4.595 ]           ml605lib.c          : Channel 12, width 1, address ad7b7000
[      4.595 ]           ml605lib.c          : Channel 13, width 1, address ad7b7400
[      4.595 ]           ml605lib.c          : Channel 14, width 0, address 0
[      4.595 ]           ml605lib.c          : Channel 15, width 0, address 0
[      4.595 ]           ml605lib.c          : Channel 16, width 0, address 0
[      4.595 ]           ml605lib.c          : Channel 17, width 0, address 0
[      4.595 ]           ml605lib.c          : Channel 18, width 0, address 0
[      4.595 ]           ml605lib.c          : Channel 19, width 0, address 0
[      4.595 ]           ml605lib.c          : Channel 20, width 0, address 0
[      4.595 ]           ml605lib.c          : Channel 21, width 0, address 0
[      4.595 ]           ml605lib.c          : Channel 22, width 0, address 0
[      4.595 ]           ml605lib.c          : Channel 23, width 0, address 0
[      4.595 ]           ml605lib.c          : Channel 24, width 0, address 0
[      4.595 ]           ml605lib.c          : Channel 25, width 0, address 0
[      4.595 ]           ml605lib.c          : Channel 26, width 0, address 0
[      4.595 ]           ml605lib.c          : Channel 27, width 0, address 0
[      4.595 ]           ml605lib.c          : Channel 28, width 0, address 0
[      4.595 ]           ml605lib.c          : Channel 29, width 0, address 0
[      4.595 ]           ml605lib.c          : Channel 30, width 0, address 0
[      4.595 ]           ml605lib.c          : Channel 31, width 0, address 0
[      4.595 ]           ml605lib.c          : ml605_setDefMapConfig - set initial configuration for MapIn/MapOut tables
[      4.595 ]           ml605lib.c          : Configure DMA channel 0 with size 1 dword (controller's sync word)
[      4.595 ]           ml605lib.c          : -- RECV --
[      4.595 ]           ml605lib.c          : Program unmapper port 0 with size 8 dwords
[      4.595 ]           ml605lib.c          : Configure DMA channel 0 with size 10 dwords
[      4.595 ]           ml605lib.c          : Program unmapper port 1 with size 7 dwords
[      4.595 ]           ml605lib.c          : Configure DMA channel 0 with size 18 dwords
[      4.595 ]           ml605lib.c          : Program unmapper port 4 with size 1 dwords
[      4.595 ]           ml605lib.c          : Configure DMA channel 0 with size 20 dwords
[      4.595 ]           ml605lib.c          : Program unmapper port 5 with size 8 dwords
[      4.595 ]           ml605lib.c          : Configure DMA channel 0 with size 29 dwords
[      4.595 ]           ml605lib.c          : Channel 0, width 8, address ad775004
[      4.595 ]           ml605lib.c          : Channel 1, width 7, address ad775028
[      4.595 ]           ml605lib.c          : Channel 2, width 0, address 0
[      4.595 ]           ml605lib.c          : Channel 3, width 0, address 0
[      4.595 ]           ml605lib.c          : Channel 4, width 1, address ad775048
[      4.595 ]           ml605lib.c          : Channel 5, width 8, address ad775050
[      4.595 ]           ml605lib.c          : Channel 6, width 0, address 0
[      4.595 ]           ml605lib.c          : Channel 7, width 0, address 0
[      4.595 ]           ml605lib.c          : Channel 8, width 0, address 0
[      4.595 ]           ml605lib.c          : Channel 9, width 0, address 0
[      4.595 ]           ml605lib.c          : Channel 10, width 0, address 0
[      4.595 ]           ml605lib.c          : Channel 11, width 0, address 0
[      4.595 ]           ml605lib.c          : Channel 12, width 0, address 0
[      4.595 ]           ml605lib.c          : Channel 13, width 0, address 0
[      4.595 ]           ml605lib.c          : Channel 14, width 0, address 0
[      4.595 ]           ml605lib.c          : Channel 15, width 0, address 0
[      4.595 ]           ml605lib.c          : Channel 16, width 0, address 0
[      4.595 ]           ml605lib.c          : Channel 17, width 0, address 0
[      4.595 ]           ml605lib.c          : Channel 18, width 0, address 0
[      4.595 ]           ml605lib.c          : Channel 19, width 0, address 0
[      4.595 ]           ml605lib.c          : Channel 20, width 0, address 0
[      4.595 ]           ml605lib.c          : Channel 21, width 0, address 0
[      4.595 ]           ml605lib.c          : Channel 22, width 0, address 0
[      4.595 ]           ml605lib.c          : Channel 23, width 0, address 0
[      4.595 ]           ml605lib.c          : Channel 24, width 0, address 0
[      4.595 ]           ml605lib.c          : Channel 25, width 0, address 0
[      4.595 ]           ml605lib.c          : Channel 26, width 0, address 0
[      4.595 ]           ml605lib.c          : Channel 27, width 0, address 0
[      4.595 ]           ml605lib.c          : Channel 28, width 0, address 0
[      4.595 ]           ml605lib.c          : Channel 29, width 0, address 0
[      4.595 ]           ml605lib.c          : Channel 30, width 0, address 0
[      4.595 ]           ml605lib.c          : Channel 31, width 0, address 0
[      4.595 ]           ml605lib.c          : Final:Configure DMA channel 0 with size 29 dwords
[      4.595 ]           ml605lib.c          : -- SEND --
[      4.595 ]           ml605lib.c          : Program mapper port 0 with size 3 dwords
[      4.595 ]           ml605lib.c          : Configure DMA channel 1 with size 3 dwords (prev 0, width 3)
[      4.595 ]           ml605lib.c          : Program mapper port 1 with size 32 dwords
[      4.595 ]           ml605lib.c          : Configure DMA channel 1 with size 35 dwords (prev 3, width 32)
[      4.595 ]           ml605lib.c          : Program mapper port 14 with size 16 dwords
[      4.595 ]           ml605lib.c          : Configure DMA channel 1 with size 51 dwords (prev 35, width 16)
[      4.595 ]           ml605lib.c          : Channel 0, width 3, address ad77e000
[      4.595 ]           ml605lib.c          : Channel 1, width 32, address ad77e00c
[      4.595 ]           ml605lib.c          : Channel 2, width 0, address 0
[      4.595 ]           ml605lib.c          : Channel 3, width 0, address 0
[      4.595 ]           ml605lib.c          : Channel 4, width 0, address 0
[      4.595 ]           ml605lib.c          : Channel 5, width 0, address 0
[      4.596 ]           ml605lib.c          : Channel 6, width 0, address 0
[      4.596 ]           ml605lib.c          : Channel 7, width 0, address 0
[      4.596 ]           ml605lib.c          : Channel 8, width 0, address 0
[      4.596 ]           ml605lib.c          : Channel 9, width 0, address 0
[      4.596 ]           ml605lib.c          : Channel 10, width 0, address 0
[      4.596 ]           ml605lib.c          : Channel 11, width 0, address 0
[      4.596 ]           ml605lib.c          : Channel 12, width 0, address 0
[      4.596 ]           ml605lib.c          : Channel 13, width 0, address 0
[      4.596 ]           ml605lib.c          : Channel 14, width 16, address ad77e08c
[      4.596 ]           ml605lib.c          : Channel 15, width 0, address 0
[      4.596 ]           ml605lib.c          : Channel 16, width 0, address 0
[      4.596 ]           ml605lib.c          : Channel 17, width 0, address 0
[      4.596 ]           ml605lib.c          : Channel 18, width 0, address 0
[      4.596 ]           ml605lib.c          : Channel 19, width 0, address 0
[      4.596 ]           ml605lib.c          : Channel 20, width 0, address 0
[      4.596 ]           ml605lib.c          : Channel 21, width 0, address 0
[      4.596 ]           ml605lib.c          : Channel 22, width 0, address 0
[      4.596 ]           ml605lib.c          : Channel 23, width 0, address 0
[      4.596 ]           ml605lib.c          : Channel 24, width 0, address 0
[      4.596 ]           ml605lib.c          : Channel 25, width 0, address 0
[      4.596 ]           ml605lib.c          : Channel 26, width 0, address 0
[      4.596 ]           ml605lib.c          : Channel 27, width 0, address 0
[      4.596 ]           ml605lib.c          : Channel 28, width 0, address 0
[      4.596 ]           ml605lib.c          : Channel 29, width 0, address 0
[      4.596 ]           ml605lib.c          : Channel 30, width 0, address 0
[      4.596 ]           ml605lib.c          : Channel 31, width 0, address 0
[      4.596 ]           ml605lib.c          : Final: Configure DMA channel 1 with size 51 
[      4.596 ]           ml605lib.c          : Write: 29, Read: 51, softDmaEngCtrl = 3
[      4.696 ]           OpalRtMain.c        : SYS_CALC_STEP Command (0.000020)
[      4.696 ]           OpalTarget.c        : Sending feedback request for system control (cmd 8)
[      4.717 ]           OpalRtMain.c        : received blob cmd 60 at cycle 0
[      4.717 ]           OpalRtBlobs.c       : Sending feedback request for blobs (cmd 60)
[      4.717 ]           OpalTarget.c        : Send data request for client 5 (Queue=1)
[      4.727 ]           OpalRtMain.c        : received blob cmd 61 at cycle 0
[      4.727 ]           OpalRtBlobs.c       : Sending feedback request for blobs (cmd 61)
[      4.727 ]           OpalTarget.c        : Send data request for client 5 (Queue=1)
[      4.737 ]           OpalRtMain.c        : received blob cmd 59 at cycle 0
[      4.737 ]           OpalRtMain.c        : handling blob cmd 59 at cycle 0 (blob OP_INFO_REGISTER_GET_INFO)
[      4.737 ]           OpalRtBlobs.c       : Sending feedback request for blobs (cmd 59)
[      4.737 ]           OpalTarget.c        : Send data request for client 5 (Queue=1)
[      4.747 ]           OpalSync.c          : Monitoring: received request for number of probes
[      4.747 ]           OpalSync.c          : Sending feedback request for monitoring (cmd 48)
[      4.747 ]           OpalTarget.c        : Send data request for client 1 (Queue=1)
[      5.157 ]           Unable to create a new HTTP connection - aborting
[      5.178 ]           192.168.5.200:25254/resources/root/E872C69B-8B48-47C0-AAA8-27898A6366C1 : data -> 1
[      5.381 ]           OpalRtMain.c        : received blob cmd 59 at cycle 0
[      5.381 ]           OpalRtMain.c        : handling blob cmd 59 at cycle 0 (blob STATIC_ACQ_INFO)
[      5.381 ]           OpalRtBlobs.c       : Sending feedback request for blobs (cmd 59)
[      5.381 ]           OpalTarget.c        : Send data request for client 5 (Queue=1)
[      5.402 ]           OpalSync.c          : Group 1: Receive 9 cmd from probe
[      5.402 ]           OpalAcquisition.c   : Changing trigger for acq group 1 : type is 3, offset is 0
[      5.402 ]           OpalSync.c          : Probe cmd 34 for 1 subSys (group 1)
[      5.402 ]           OpalAcquisition.c   : Probe cmd (34) group 1: ok to apply at pass 0.000000
[      5.402 ]           OpalAcquisition.c   : ACQ GROUP 1: UPDATING PARAMETER AT PASS 0.000000 ....

[      5.402 ]           OpalAcquisition.c   : Group 1: repeat factor = 1 (1), status decimation = 1
[      5.402 ]           OpalAcquisition.c   : Probe cmd has been applied at pass 0.000000.
[      5.402 ]           OpalSync.c          : Sending feedback request for probe (cmd 34, group 1)
[      5.402 ]           OpalTarget.c        : Send data request for client 1 (Queue=1)
[      5.452 ]           OpalSync.c          : Group 2: Receive 9 cmd from probe
[      5.452 ]           OpalAcquisition.c   : Changing trigger for acq group 2 : type is 3, offset is 0
[      5.452 ]           OpalSync.c          : Probe cmd 34 for 1 subSys (group 2)
[      5.452 ]           OpalAcquisition.c   : Probe cmd (34) group 2: ok to apply at pass 0.000000
[      5.452 ]           OpalAcquisition.c   : ACQ GROUP 2: UPDATING PARAMETER AT PASS 0.000000 ....

[      5.452 ]           OpalAcquisition.c   : Group 2: repeat factor = 1 (1), status decimation = 1
[      5.452 ]           OpalAcquisition.c   : Probe cmd has been applied at pass 0.000000.
[      5.452 ]           OpalSync.c          : Sending feedback request for probe (cmd 34, group 2)
[      5.452 ]           OpalTarget.c        : Send data request for client 1 (Queue=1)
[      5.502 ]           OpalSync.c          : Group 3: Receive 9 cmd from probe
[      5.502 ]           OpalAcquisition.c   : Changing trigger for acq group 3 : type is 3, offset is 0
[      5.502 ]           OpalSync.c          : Probe cmd 34 for 1 subSys (group 3)
[      5.502 ]           OpalAcquisition.c   : Probe cmd (34) group 3: ok to apply at pass 0.000000
[      5.502 ]           OpalAcquisition.c   : ACQ GROUP 3: UPDATING PARAMETER AT PASS 0.000000 ....

[      5.502 ]           OpalAcquisition.c   : Group 3: repeat factor = 1 (1), status decimation = 1
[      5.502 ]           OpalAcquisition.c   : Probe cmd has been applied at pass 0.000000.
[      5.502 ]           OpalSync.c          : Sending feedback request for probe (cmd 34, group 3)
[      5.502 ]           OpalTarget.c        : Send data request for client 1 (Queue=1)
[      5.533 ]           OpalSync.c          : Group 4: Receive 9 cmd from probe
[      5.533 ]           OpalAcquisition.c   : Changing trigger for acq group 4 : type is 3, offset is 0
[      5.533 ]           OpalSync.c          : Probe cmd 34 for 1 subSys (group 4)
[      5.533 ]           OpalAcquisition.c   : Probe cmd (34) group 4: ok to apply at pass 0.000000
[      5.533 ]           OpalAcquisition.c   : ACQ GROUP 4: UPDATING PARAMETER AT PASS 0.000000 ....

[      5.533 ]           OpalAcquisition.c   : Group 4: repeat factor = 1 (1), status decimation = 1
[      5.533 ]           OpalAcquisition.c   : Probe cmd has been applied at pass 0.000000.
[      5.533 ]           OpalSync.c          : Sending feedback request for probe (cmd 34, group 4)
[      5.533 ]           OpalTarget.c        : Send data request for client 1 (Queue=1)
[      5.563 ]           OpalSync.c          : Group 5: Receive 9 cmd from probe
[      5.563 ]           OpalAcquisition.c   : Changing trigger for acq group 5 : type is 3, offset is 0
[      5.563 ]           OpalSync.c          : Probe cmd 34 for 1 subSys (group 5)
[      5.563 ]           OpalAcquisition.c   : Probe cmd (34) group 5: ok to apply at pass 0.000000
[      5.563 ]           OpalAcquisition.c   : ACQ GROUP 5: UPDATING PARAMETER AT PASS 0.000000 ....

[      5.563 ]           OpalAcquisition.c   : Group 5: repeat factor = 1 (1), status decimation = 1
[      5.563 ]           OpalAcquisition.c   : Probe cmd has been applied at pass 0.000000.
[      5.563 ]           OpalSync.c          : Sending feedback request for probe (cmd 34, group 5)
[      5.563 ]           OpalTarget.c        : Send data request for client 1 (Queue=1)
[      5.583 ]           OpalSync.c          : Group 25: Receive 9 cmd from probe
[      5.583 ]           OpalAcquisition.c   : Changing trigger for acq group 25 : type is 3, offset is 0
[      5.583 ]           OpalSync.c          : Probe cmd 34 for 1 subSys (group 25)
[      5.583 ]           OpalAcquisition.c   : Probe cmd (34) group 25: ok to apply at pass 0.000000
[      5.583 ]           OpalAcquisition.c   : ACQ GROUP 25: UPDATING PARAMETER AT PASS 0.000000 ....

[      5.583 ]           OpalAcquisition.c   : Group 25: repeat factor = 1 (1), status decimation = 1
[      5.583 ]           OpalAcquisition.c   : Probe cmd has been applied at pass 0.000000.
[      5.583 ]           OpalSync.c          : Sending feedback request for probe (cmd 34, group 25)
[      5.583 ]           OpalTarget.c        : Send data request for client 1 (Queue=1)
[      5.595 ]           Unable to create a new HTTP connection - aborting
[      5.596 ]           Unable to create a new HTTP connection - aborting
Starting transfer of /home/laptop-5fbkhmjv/users/jiang/opal-rt/rt-labv11_workspace/pv_inverter/models/boost_and_two_level_bridge_rtlab/boost_and_two_level_bridge_rtlab_sm_ehs/opboost_and_two_level__sm_ehs_0.snap...
Transfer of /home/laptop-5fbkhmjv/users/jiang/opal-rt/rt-labv11_workspace/pv_inverter/models/boost_and_two_level_bridge_rtlab/boost_and_two_level_bridge_rtlab_sm_ehs/opboost_and_two_level__sm_ehs_0.snap OK
[     31.736 ]           OpalRtMain.c        : SYS_CALC_STEP Command (0.000020)
[     31.736 ]           OpalTarget.c        : Sending feedback request for system control (cmd 8)
[     31.746 ]           OpalRtMain.c        : SYS_EXECUTE Command
[     31.746 ]           OpalRtMain.c        : Calculation step set to 0.000020, stopTime = 0.000000, pauseTime = 0.000000
[     31.746 ]           OpalRtMain.c        : XHP mode enabled
[     31.746 ]           OpalTarget.c        : Sending notification request for system control (cmd 9)
[     31.746 ]           OpalTarget.c        : Sending feedback request for system control (cmd 9)
[     31.746 ]           OpalRtMain.c        :  [1]: RUN mode, IO set to run value.
[     31.746 ]           ctrl_op7160ex1_misc.: Controller is forced to polling mode because XHP is enabled
[     31.746 ]           ml605lib.c          : Freq set to 100000000.0
[     31.746 ]           ml605lib.c          : Program Sync with timestep = 1999 (0.000020, freq 100000000.000000, total 2000.000000)
[     31.746 ]           ml605lib.c          : Program sync done
[     31.747 ]           OpalRtMain.c        : 		Synchronized step size = 20 us.
[     31.747 ]           OpalRtMain.c        : 		Wed May 24 22:52:54 2017

[     31.747 ]           OpalAcquisition.c   : ACQ GROUP 1: UPDATING PARAMETER AT PASS 0.000000 ....

[     31.747 ]           OpalAcquisition.c   : Group 1: repeat factor = 1 (1), status decimation = 1
[     31.747 ]           OpalAcquisition.c   : ACQ GROUP 2: UPDATING PARAMETER AT PASS 0.000000 ....

[     31.747 ]           OpalAcquisition.c   : Group 2: repeat factor = 1 (1), status decimation = 1
[     31.747 ]           OpalAcquisition.c   : ACQ GROUP 3: UPDATING PARAMETER AT PASS 0.000000 ....

[     31.747 ]           OpalAcquisition.c   : Group 3: repeat factor = 1 (1), status decimation = 1
[     31.747 ]           OpalAcquisition.c   : ACQ GROUP 4: UPDATING PARAMETER AT PASS 0.000000 ....

[     31.747 ]           OpalAcquisition.c   : Group 4: repeat factor = 1 (1), status decimation = 1
[     31.747 ]           OpalAcquisition.c   : ACQ GROUP 5: UPDATING PARAMETER AT PASS 0.000000 ....

[     31.747 ]           OpalAcquisition.c   : Group 5: repeat factor = 1 (1), status decimation = 1
[     31.747 ]           OpalAcquisition.c   : ACQ GROUP 25: UPDATING PARAMETER AT PASS 0.000000 ....

[     31.747 ]           OpalAcquisition.c   : Group 25: repeat factor = 1 (1), status decimation = 1
[     31.747 ]           OpalAcquisition.c   : ACQ GROUP 26: UPDATING PARAMETER AT PASS 0.000000 ....

[     31.747 ]           OpalAcquisition.c   : Group 26: repeat factor = 1 (1), status decimation = 1
[     31.747 ]           OpalAcquisition.c   : WriteFile Group 26: OPENING FILE
[     31.752 ]           OpalPrint.c         : Sending file name notification request for system control (cmd 30)
[     31.752 ]           OpalHostSendIf.c    : Open file done (/./myPV_inverter.mat)
[     31.753 ]           op7160ex1_ctrl_publi: op7160ex1_send_update_request (boardId = 0)
[     31.753 ]           OpalRtMain.c        : Main priority set to 99
[    284.838 ]           OpalRtMain.c        : XHP mode disabled
[    284.838 ]           OpalRtMain.c        :  [12654321]: Reset
[    284.838 ]           OpalRtMain.c        : 		Total of 0 Overrun detected.
[    284.838 ]           OpalRtMain.c        : 		Wed May 24 22:57:07 2017

[    284.838 ]           OpalRtMain.c        : OpalCloseBeforeUserFunction()
[    284.838 ]           OpalIO.c            : Searching call back CLOSE for sample time 0.000000 ...
[    284.838 ]           OpalIO.c            : Searching call back CLOSE for sample time 0.000020 ...
[    284.838 ]           OpalAcquisition.c   : Unregistering trigger for acq group 26.
[    284.838 ]           ml605lib.c          : ml605_stopSyncSource
[    284.838 ]           ml605lib.c          : ml605_stopSyncSource (wait 0.00 us for aborting)
[    284.838 ]           op7160ex1_ctrl.c    : Prepare to unregister controller
[    285.838 ]           ml605shm_lib.c      : Close OP7160 share memory 
[    285.838 ]           opsystemlib.c       : Entering opsystem_detach
[    285.838 ]           opsystemlib.c       :  Closing shared memory of PCIe board (2)
[    286.094 ]           OpalRtMain.c        : OpalClose()
[    286.094 ]           OpalTarget.c        : Sending feedback request for system control (cmd 13)
[    286.094 ]           OpalRtMain.c        : PrintOverrunMsg()
[    286.094 ]           OpalRtMain.c        : OpalParameter_Close()
[    286.094 ]           OpalRtMain.c        : CommRtClose()
[    286.095 ]           OpalPrint.c         : Sending file name notification request for system control (cmd 30)
[    286.095 ]           OpalPrint.c         : Sending file name notification request for system control (cmd 30)
[    286.095 ]           TargetRequest.c     : Purging target requests priority 0 ...
[    286.097 ]           OpalHostSendIf.c    : Close file done (/./myPV_inverter.mat)
[    286.097 ]           OpalPrint.c         : Sending file name notification request for system control (cmd 33)
[    286.105 ]           TargetRequest.c     : Done purging target requests priority 0.
[    286.105 ]           TargetRequest.c     : Purging target requests priority 1 ...
[    286.105 ]           TargetRequest.c     : Done purging target requests priority 1.
[    286.105 ]           TargetRequest.c     : Reset done
[    286.206 ]           OpalHostSendIf.c    : SEND: connection to host closed
[    286.314 ]           OpalRtMain.c        : *** Returned used cores, remains 2
[    286.314 ]           OpalTarget.c        : Subsystem at position 0 (total = 1) has been deleted.
[    286.315 ]           

MasterRoot shutdown!
[    286.315 ]           Unable to create a new HTTP connection - aborting
[    286.315 ]           Objects destruction
Executing script /usr/opalrt/v11.0.8.13/common/python/rtlab/global/target_postreset.py ... done
Executing script /usr/opalrt/v11.0.8.13/common/python/rtlab/global/target_subsys_postreset.py ... done


--------------- Retrieving files ... ---------------------------------

Setting local directory to C:\Users\jiang\OPAL-RT\RT-LABv11_Workspace\pv_inverter\models\boost_and_two_level_bridge_rtlab\boost_and_two_level_bridge_rtlab_sm_ehs\OpREDHAWKtarget\... OK.
Transferring in binary mode /myPV_inverter.mat ... OK.
Transferring in ascii mode /home/laptop-5fbkhmjv/users/jiang/opal-rt/rt-labv11_workspace/pv_inverter/models/boost_and_two_level_bridge_rtlab/target_report.xml ... OK.

--------------- Done retrieving files --------------------------------
