
--------------- Transferring files ... ------------------------------

Transferring in binary: C:\Users\jiang\OPAL-RT\RT-LABv11_Workspace\pv_inverter\models\my_pv_system\my_pv_system_SM_master\OpREDHAWKtarget\my_pv_system_1_sm_master (SM_master) ... OK.
Transferring in binary: C:\Users\jiang\OPAL-RT\RT-LABv11_Workspace\pv_inverter\models\my_pv_system\my_pv_system_SM_master\OpREDHAWKtarget\Opal*Creator.data (SM_master) ... OK.

--------------- Done transferring files -----------------------------


Executing script /usr/opalrt/v11.0.7.582/common/python/rtlab/global/target_preload.py ... done
Executing script /usr/opalrt/v11.0.7.582/common/python/rtlab/global/target_subsys_preload.py ... done
WatchDogServer service - server socket created, available on address: 192.168.1.10:41736
Root initialized: 192.168.1.10:2525/resources/root
Model 'my_pv_system_1_sm_master' compiled in RELEASE mode.
4 CPUs active on this Computer
libOpalR2014B.a : v11.0.7.582 (build = undefined)
Subsystem SM_master allocates 1 cores.
Subsystem SS_controller allocates 1 cores.
model my_pv_system_1_sm_master assigned to logical cpu 1
Monitoring is enabled
RECV: connection to host established
SEND: connection to host established
A Unit delay is applied on status exchange.
Display of standard output will be disabled
Monitoring: start time = 0.000 ms, using CPU speed = 3399 MHz
SubSystem step size = 0.000050 sec. Status updated at every 1 local step.
Synchronized with  software timer.
Some of the model parameters are not double. Parameter modification may not work properly.
Real-time SingleTasking mode.
RT-LAB license ok. Unlimited time license.
Snapshot taken (opmy_pv_system_sm_master_0.snap).
 [0]: PAUSE mode, IO set to pause value.
		Total of 0 Overrun detected.
		Tue Sep  6 11:33:43 2016

Starting transfer of /home/laptop-5fbkhmjv/users/jiang/opal-rt/rt-labv11_workspace/pv_inverter/models/my_pv_system/my_pv_system_sm_master/opmy_pv_system_sm_master_0.snap...
Transfer of /home/laptop-5fbkhmjv/users/jiang/opal-rt/rt-labv11_workspace/pv_inverter/models/my_pv_system/my_pv_system_sm_master/opmy_pv_system_sm_master_0.snap OK
           [1]: RUN mode, IO set to run value.
          		Synchronized step size = 50 us.
          		Tue Sep  6 11:33:50 2016

          Main priority set to 99
           [1831510]: Reset
          		Total of 1 Overrun detected.
          		Tue Sep  6 11:35:22 2016

          


WARNING:  1 OVERRUN detected.
          Reset done
          SEND: connection to host closed
Executing script /usr/opalrt/v11.0.7.582/common/python/rtlab/global/target_postreset.py ... done
Executing script /usr/opalrt/v11.0.7.582/common/python/rtlab/global/target_subsys_postreset.py ... done


--------------- Retrieving files ... ---------------------------------

Setting local directory to C:\Users\jiang\OPAL-RT\RT-LABv11_Workspace\pv_inverter\models\my_pv_system\my_pv_system_sm_master\OpREDHAWKtarget\... OK.
Transferring in ascii mode /home/laptop-5fbkhmjv/users/jiang/opal-rt/rt-labv11_workspace/pv_inverter/models/my_pv_system/target_report.xml ... OK.

--------------- Done retrieving files --------------------------------
