
--------------- Transferring files ... ------------------------------

Transferring in binary: C:\Users\jiang\OPAL-RT\RT-LABv11_Workspace\pv_inverter\models\my_pv_system\my_pv_system_SS_controller\OpREDHAWKtarget\my_pv_system_3_ss_controller (SS_controller) ... OK.
Transferring in binary: C:\Users\jiang\OPAL-RT\RT-LABv11_Workspace\pv_inverter\models\my_pv_system\my_pv_system_SS_controller\OpREDHAWKtarget\Opal*Creator.data (SS_controller) ... OK.

--------------- Done transferring files -----------------------------


Executing script /usr/opalrt/v11.0.7.582/common/python/rtlab/global/target_subsys_preload.py ... done
WatchDogServer service - server socket created, available on address: 192.168.1.10:46256
Root initialized: 192.168.1.10:25250/resources/root
Model 'my_pv_system_3_ss_controller' compiled in RELEASE mode.
4 CPUs active on this Computer
libOpalR2014B.a : v11.0.7.582 (build = undefined)
Subsystem SM_master allocates 1 cores.
Subsystem SS_controller allocates 1 cores.
model my_pv_system_3_ss_controller assigned to logical cpu 2
Monitoring is enabled
RECV: connection to host established
SEND: connection to host established
A Unit delay is applied on status exchange.
Display of standard output will be disabled
SubSystem step size = 0.000050 sec. Status updated at every 1 local step.
Not synchronized: Time step is determined by reception of data from another subsystem.
Real-time SingleTasking mode.
RT-LAB license ok. Unlimited time license.
Monitoring: start time = 1003.477 ms, using CPU speed = 3399 MHz
Snapshot taken (opmy_pv_system_ss_controller_0.snap).
 [0]: PAUSE mode, IO set to pause value.
		Tue Sep  6 11:33:43 2016

Starting transfer of /home/laptop-5fbkhmjv/users/jiang/opal-rt/rt-labv11_workspace/pv_inverter/models/my_pv_system/my_pv_system_ss_controller/opmy_pv_system_ss_controller_0.snap...
Transfer of /home/laptop-5fbkhmjv/users/jiang/opal-rt/rt-labv11_workspace/pv_inverter/models/my_pv_system/my_pv_system_ss_controller/opmy_pv_system_ss_controller_0.snap OK
           [1]: RUN mode, IO set to run value.
          		Approximative step size = 50 us.
          		Tue Sep  6 11:33:50 2016

          Main priority set to 99
           [1831510]: Reset
          		Tue Sep  6 11:35:22 2016

          Reset done
          SEND: connection to host closed
Executing script /usr/opalrt/v11.0.7.582/common/python/rtlab/global/target_subsys_postreset.py ... done


--------------- Retrieving files ... ---------------------------------

Setting local directory to C:\Users\jiang\OPAL-RT\RT-LABv11_Workspace\pv_inverter\models\my_pv_system\my_pv_system_ss_controller\OpREDHAWKtarget\... OK.

--------------- Done retrieving files --------------------------------
